{"/home/travis/build/npmtest/node-npmtest-seraph/test.js":{"path":"/home/travis/build/npmtest/node-npmtest-seraph/test.js","s":{"1":2,"2":2,"3":2,"4":2,"5":2,"6":2,"7":2,"8":1,"9":2,"10":2,"11":1,"12":1,"13":1,"14":1,"15":2,"16":2,"17":2,"18":2,"19":1,"20":1,"21":2,"22":2,"23":2,"24":1,"25":1,"26":1,"27":1,"28":1,"29":1,"30":1,"31":1,"32":1,"33":1,"34":1,"35":1,"36":1,"37":1,"38":1,"39":2,"40":2,"41":1,"42":2,"43":2,"44":1,"45":2,"46":2,"47":1,"48":2,"49":2,"50":1,"51":1,"52":1,"53":1,"54":1},"b":{"1":[2,1,1,1],"2":[1,1,1,1],"3":[1,1],"4":[1,1],"5":[1,1],"6":[1,1],"7":[1,1],"8":[1,1],"9":[1,1],"10":[1,1,1],"11":[1,1],"12":[1,1],"13":[1,1],"14":[1,1],"15":[1,1],"16":[1,1],"17":[1,1]},"f":{"1":2,"2":2,"3":2,"4":2,"5":2,"6":1,"7":1,"8":1,"9":2,"10":2,"11":2,"12":2,"13":1},"fnMap":{"1":{"name":"(anonymous_1)","line":12,"loc":{"start":{"line":12,"column":1},"end":{"line":12,"column":13}}},"2":{"name":"(anonymous_2)","line":19,"loc":{"start":{"line":19,"column":5},"end":{"line":19,"column":17}}},"3":{"name":"(anonymous_3)","line":23,"loc":{"start":{"line":23,"column":24},"end":{"line":23,"column":36}}},"4":{"name":"(anonymous_4)","line":61,"loc":{"start":{"line":61,"column":5},"end":{"line":61,"column":17}}},"5":{"name":"(anonymous_5)","line":82,"loc":{"start":{"line":82,"column":5},"end":{"line":82,"column":17}}},"6":{"name":"(anonymous_6)","line":91,"loc":{"start":{"line":91,"column":77},"end":{"line":94,"column":10}}},"7":{"name":"(anonymous_7)","line":112,"loc":{"start":{"line":112,"column":83},"end":{"line":115,"column":10}},"skip":true},"8":{"name":"(anonymous_8)","line":123,"loc":{"start":{"line":123,"column":77},"end":{"line":126,"column":10}},"skip":true},"9":{"name":"(anonymous_9)","line":139,"loc":{"start":{"line":139,"column":12},"end":{"line":139,"column":40}},"skip":true},"10":{"name":"(anonymous_10)","line":147,"loc":{"start":{"line":147,"column":77},"end":{"line":150,"column":10}},"skip":true},"11":{"name":"(anonymous_11)","line":158,"loc":{"start":{"line":158,"column":83},"end":{"line":161,"column":10}},"skip":true},"12":{"name":"(anonymous_12)","line":169,"loc":{"start":{"line":169,"column":79},"end":{"line":172,"column":10}},"skip":true},"13":{"name":"(anonymous_13)","line":180,"loc":{"start":{"line":180,"column":75},"end":{"line":183,"column":10}},"skip":true}},"statementMap":{"1":{"start":{"line":12,"column":0},"end":{"line":195,"column":5}},"2":{"start":{"line":14,"column":4},"end":{"line":14,"column":14}},"3":{"start":{"line":19,"column":4},"end":{"line":56,"column":9}},"4":{"start":{"line":21,"column":8},"end":{"line":21,"column":19}},"5":{"start":{"line":23,"column":8},"end":{"line":35,"column":13}},"6":{"start":{"line":24,"column":12},"end":{"line":34,"column":13}},"7":{"start":{"line":25,"column":16},"end":{"line":28,"column":30}},"8":{"start":{"line":30,"column":16},"end":{"line":33,"column":27}},"9":{"start":{"line":37,"column":8},"end":{"line":39,"column":21}},"10":{"start":{"line":40,"column":8},"end":{"line":53,"column":9}},"11":{"start":{"line":43,"column":12},"end":{"line":46,"column":14}},"12":{"start":{"line":47,"column":12},"end":{"line":47,"column":18}},"13":{"start":{"line":50,"column":12},"end":{"line":51,"column":46}},"14":{"start":{"line":52,"column":12},"end":{"line":52,"column":18}},"15":{"start":{"line":55,"column":8},"end":{"line":55,"column":35}},"16":{"start":{"line":61,"column":4},"end":{"line":63,"column":9}},"17":{"start":{"line":62,"column":8},"end":{"line":62,"column":15}},"18":{"start":{"line":64,"column":4},"end":{"line":77,"column":5}},"19":{"start":{"line":70,"column":8},"end":{"line":70,"column":14}},"20":{"start":{"line":76,"column":8},"end":{"line":76,"column":14}},"21":{"start":{"line":82,"column":4},"end":{"line":84,"column":9}},"22":{"start":{"line":83,"column":8},"end":{"line":83,"column":15}},"23":{"start":{"line":85,"column":4},"end":{"line":194,"column":5}},"24":{"start":{"line":91,"column":8},"end":{"line":99,"column":10}},"25":{"start":{"line":98,"column":12},"end":{"line":98,"column":35}},"26":{"start":{"line":102,"column":8},"end":{"line":104,"column":63}},"27":{"start":{"line":105,"column":8},"end":{"line":105,"column":14}},"28":{"start":{"line":112,"column":8},"end":{"line":121,"column":10},"skip":true},"29":{"start":{"line":119,"column":12},"end":{"line":119,"column":55},"skip":true},"30":{"start":{"line":120,"column":12},"end":{"line":120,"column":48},"skip":true},"31":{"start":{"line":123,"column":8},"end":{"line":136,"column":10},"skip":true},"32":{"start":{"line":130,"column":12},"end":{"line":130,"column":76},"skip":true},"33":{"start":{"line":131,"column":12},"end":{"line":131,"column":73},"skip":true},"34":{"start":{"line":132,"column":12},"end":{"line":132,"column":74},"skip":true},"35":{"start":{"line":133,"column":12},"end":{"line":133,"column":79},"skip":true},"36":{"start":{"line":134,"column":12},"end":{"line":134,"column":25},"skip":true},"37":{"start":{"line":135,"column":12},"end":{"line":135,"column":45},"skip":true},"38":{"start":{"line":138,"column":8},"end":{"line":145,"column":14},"skip":true},"39":{"start":{"line":143,"column":16},"end":{"line":143,"column":29},"skip":true},"40":{"start":{"line":144,"column":16},"end":{"line":144,"column":55},"skip":true},"41":{"start":{"line":147,"column":8},"end":{"line":156,"column":10},"skip":true},"42":{"start":{"line":154,"column":12},"end":{"line":154,"column":25},"skip":true},"43":{"start":{"line":155,"column":12},"end":{"line":155,"column":45},"skip":true},"44":{"start":{"line":158,"column":8},"end":{"line":167,"column":10},"skip":true},"45":{"start":{"line":165,"column":12},"end":{"line":165,"column":25},"skip":true},"46":{"start":{"line":166,"column":12},"end":{"line":166,"column":48},"skip":true},"47":{"start":{"line":169,"column":8},"end":{"line":178,"column":10},"skip":true},"48":{"start":{"line":176,"column":12},"end":{"line":176,"column":25},"skip":true},"49":{"start":{"line":177,"column":12},"end":{"line":177,"column":46},"skip":true},"50":{"start":{"line":180,"column":8},"end":{"line":189,"column":10},"skip":true},"51":{"start":{"line":187,"column":12},"end":{"line":187,"column":94},"skip":true},"52":{"start":{"line":188,"column":12},"end":{"line":188,"column":48},"skip":true},"53":{"start":{"line":192,"column":8},"end":{"line":192,"column":35},"skip":true},"54":{"start":{"line":193,"column":8},"end":{"line":193,"column":14},"skip":true}},"branchMap":{"1":{"line":25,"type":"binary-expr","locations":[{"start":{"line":25,"column":23},"end":{"line":25,"column":62}},{"start":{"line":26,"column":20},"end":{"line":26,"column":70}},{"start":{"line":27,"column":20},"end":{"line":27,"column":71}},{"start":{"line":28,"column":20},"end":{"line":28,"column":29}}]},"2":{"line":30,"type":"binary-expr","locations":[{"start":{"line":30,"column":23},"end":{"line":30,"column":37}},{"start":{"line":31,"column":20},"end":{"line":31,"column":61}},{"start":{"line":32,"column":20},"end":{"line":32,"column":70}},{"start":{"line":33,"column":20},"end":{"line":33,"column":26}}]},"3":{"line":37,"type":"cond-expr","locations":[{"start":{"line":38,"column":14},"end":{"line":38,"column":20}},{"start":{"line":39,"column":14},"end":{"line":39,"column":20}}]},"4":{"line":40,"type":"switch","locations":[{"start":{"line":42,"column":8},"end":{"line":47,"column":18}},{"start":{"line":49,"column":8},"end":{"line":52,"column":18}}]},"5":{"line":44,"type":"binary-expr","locations":[{"start":{"line":44,"column":16},"end":{"line":44,"column":44}},{"start":{"line":44,"column":48},"end":{"line":44,"column":66}}]},"6":{"line":50,"type":"binary-expr","locations":[{"start":{"line":50,"column":21},"end":{"line":50,"column":49}},{"start":{"line":50,"column":53},"end":{"line":50,"column":72}}]},"7":{"line":64,"type":"switch","locations":[{"start":{"line":69,"column":4},"end":{"line":70,"column":14}},{"start":{"line":75,"column":4},"end":{"line":76,"column":14}}]},"8":{"line":85,"type":"switch","locations":[{"start":{"line":90,"column":4},"end":{"line":105,"column":14}},{"start":{"line":111,"column":4},"end":{"line":193,"column":14},"skip":true}]},"9":{"line":91,"type":"binary-expr","locations":[{"start":{"line":91,"column":42},"end":{"line":91,"column":73}},{"start":{"line":91,"column":77},"end":{"line":99,"column":9}}]},"10":{"line":102,"type":"binary-expr","locations":[{"start":{"line":102,"column":18},"end":{"line":102,"column":32}},{"start":{"line":103,"column":12},"end":{"line":103,"column":53}},{"start":{"line":104,"column":12},"end":{"line":104,"column":61}}]},"11":{"line":112,"type":"binary-expr","locations":[{"start":{"line":112,"column":45},"end":{"line":112,"column":79},"skip":true},{"start":{"line":112,"column":83},"end":{"line":121,"column":9},"skip":true}]},"12":{"line":123,"type":"binary-expr","locations":[{"start":{"line":123,"column":42},"end":{"line":123,"column":73},"skip":true},{"start":{"line":123,"column":77},"end":{"line":136,"column":9},"skip":true}]},"13":{"line":138,"type":"binary-expr","locations":[{"start":{"line":138,"column":48},"end":{"line":138,"column":85},"skip":true},{"start":{"line":139,"column":12},"end":{"line":145,"column":13},"skip":true}]},"14":{"line":147,"type":"binary-expr","locations":[{"start":{"line":147,"column":42},"end":{"line":147,"column":73},"skip":true},{"start":{"line":147,"column":77},"end":{"line":156,"column":9},"skip":true}]},"15":{"line":158,"type":"binary-expr","locations":[{"start":{"line":158,"column":45},"end":{"line":158,"column":79},"skip":true},{"start":{"line":158,"column":83},"end":{"line":167,"column":9},"skip":true}]},"16":{"line":169,"type":"binary-expr","locations":[{"start":{"line":169,"column":43},"end":{"line":169,"column":75},"skip":true},{"start":{"line":169,"column":79},"end":{"line":178,"column":9},"skip":true}]},"17":{"line":180,"type":"binary-expr","locations":[{"start":{"line":180,"column":41},"end":{"line":180,"column":71},"skip":true},{"start":{"line":180,"column":75},"end":{"line":189,"column":9},"skip":true}]}},"code":["/* istanbul instrument in package npmtest_seraph */","/*jslint","    bitwise: true,","    browser: true,","    maxerr: 8,","    maxlen: 96,","    node: true,","    nomen: true,","    regexp: true,","    stupid: true","*/","(function () {","    'use strict';","    var local;","","","","    // run shared js-env code - pre-init","    (function () {","        // init local","        local = {};","        // init modeJs","        local.modeJs = (function () {","            try {","                return typeof navigator.userAgent === 'string' &&","                    typeof document.querySelector('body') === 'object' &&","                    typeof XMLHttpRequest.prototype.open === 'function' &&","                    'browser';","            } catch (errorCaughtBrowser) {","                return module.exports &&","                    typeof process.versions.node === 'string' &&","                    typeof require('http').createServer === 'function' &&","                    'node';","            }","        }());","        // init global","        local.global = local.modeJs === 'browser'","            ? window","            : global;","        switch (local.modeJs) {","        // re-init local from window.local","        case 'browser':","            local = local.global.utility2.objectSetDefault(","                local.global.utility2_rollup || local.global.local,","                local.global.utility2","            );","            break;","        // re-init local from example.js","        case 'node':","            local = (local.global.utility2_rollup || require('utility2'))","                .requireExampleJsFromReadme();","            break;","        }","        // export local","        local.global.local = local;","    }());","","","","    // run shared js-env code - function","    (function () {","        return;","    }());","    switch (local.modeJs) {","","","","    // run browser js-env code - function","    case 'browser':","        break;","","","","    // run node js-env code - function","    case 'node':","        break;","    }","","","","    // run shared js-env code - post-init","    (function () {","        return;","    }());","    switch (local.modeJs) {","","","","    // run browser js-env code - post-init","    case 'browser':","        local.testCase_browser_nullCase = local.testCase_browser_nullCase || function (","            options,","            onError","        ) {","        /*","         * this function will test browsers's null-case handling-behavior-behavior","         */","            onError(null, options);","        };","","        // run tests","        local.nop(local.modeTest &&","            document.querySelector('#testRunButton1') &&","            document.querySelector('#testRunButton1').click());","        break;","","","","    // run node js-env code - post-init","    /* istanbul ignore next */","    case 'node':","        local.testCase_buildApidoc_default = local.testCase_buildApidoc_default || function (","            options,","            onError","        ) {","        /*","         * this function will test buildApidoc's default handling-behavior-behavior","         */","            options = { modulePathList: module.paths };","            local.buildApidoc(options, onError);","        };","","        local.testCase_buildApp_default = local.testCase_buildApp_default || function (","            options,","            onError","        ) {","        /*","         * this function will test buildApp's default handling-behavior-behavior","         */","            local.testCase_buildReadme_default(options, local.onErrorThrow);","            local.testCase_buildLib_default(options, local.onErrorThrow);","            local.testCase_buildTest_default(options, local.onErrorThrow);","            local.testCase_buildCustomOrg_default(options, local.onErrorThrow);","            options = [];","            local.buildApp(options, onError);","        };","","        local.testCase_buildCustomOrg_default = local.testCase_buildCustomOrg_default ||","            function (options, onError) {","            /*","             * this function will test buildCustomOrg's default handling-behavior","             */","                options = {};","                local.buildCustomOrg(options, onError);","            };","","        local.testCase_buildLib_default = local.testCase_buildLib_default || function (","            options,","            onError","        ) {","        /*","         * this function will test buildLib's default handling-behavior","         */","            options = {};","            local.buildLib(options, onError);","        };","","        local.testCase_buildReadme_default = local.testCase_buildReadme_default || function (","            options,","            onError","        ) {","        /*","         * this function will test buildReadme's default handling-behavior-behavior","         */","            options = {};","            local.buildReadme(options, onError);","        };","","        local.testCase_buildTest_default = local.testCase_buildTest_default || function (","            options,","            onError","        ) {","        /*","         * this function will test buildTest's default handling-behavior","         */","            options = {};","            local.buildTest(options, onError);","        };","","        local.testCase_webpage_default = local.testCase_webpage_default || function (","            options,","            onError","        ) {","        /*","         * this function will test webpage's default handling-behavior","         */","            options = { modeCoverageMerge: true, url: local.serverLocalHost + '?modeTest=1' };","            local.browserTest(options, onError);","        };","","        // run test-server","        local.testRunServer(local);","        break;","    }","}());",""],"l":{"12":2,"14":2,"19":2,"21":2,"23":2,"24":2,"25":2,"30":1,"37":2,"40":2,"43":1,"47":1,"50":1,"52":1,"55":2,"61":2,"62":2,"64":2,"70":1,"76":1,"82":2,"83":2,"85":2,"91":1,"98":1,"102":1,"105":1,"112":1,"119":1,"120":1,"123":1,"130":1,"131":1,"132":1,"133":1,"134":1,"135":1,"138":1,"143":2,"144":2,"147":1,"154":2,"155":2,"158":1,"165":2,"166":2,"169":1,"176":2,"177":2,"180":1,"187":1,"188":1,"192":1,"193":1}},"/home/travis/build/npmtest/node-npmtest-seraph/lib.npmtest_seraph.js":{"path":"/home/travis/build/npmtest/node-npmtest-seraph/lib.npmtest_seraph.js","s":{"1":2,"2":2,"3":2,"4":2,"5":2,"6":2,"7":2,"8":1,"9":2,"10":2,"11":2,"12":2,"13":1,"14":1,"15":1,"16":1},"b":{"1":[2,1,1,1],"2":[1,1,1,1],"3":[1,1],"4":[2,2],"5":[1,1]},"f":{"1":2,"2":2,"3":2},"fnMap":{"1":{"name":"(anonymous_1)","line":12,"loc":{"start":{"line":12,"column":1},"end":{"line":12,"column":13}}},"2":{"name":"(anonymous_2)","line":19,"loc":{"start":{"line":19,"column":5},"end":{"line":19,"column":17}}},"3":{"name":"(anonymous_3)","line":23,"loc":{"start":{"line":23,"column":24},"end":{"line":23,"column":36}}}},"statementMap":{"1":{"start":{"line":12,"column":0},"end":{"line":53,"column":5}},"2":{"start":{"line":14,"column":4},"end":{"line":14,"column":14}},"3":{"start":{"line":19,"column":4},"end":{"line":52,"column":9}},"4":{"start":{"line":21,"column":8},"end":{"line":21,"column":19}},"5":{"start":{"line":23,"column":8},"end":{"line":35,"column":13}},"6":{"start":{"line":24,"column":12},"end":{"line":34,"column":13}},"7":{"start":{"line":25,"column":16},"end":{"line":28,"column":30}},"8":{"start":{"line":30,"column":16},"end":{"line":33,"column":27}},"9":{"start":{"line":37,"column":8},"end":{"line":39,"column":21}},"10":{"start":{"line":41,"column":8},"end":{"line":41,"column":54}},"11":{"start":{"line":43,"column":8},"end":{"line":43,"column":51}},"12":{"start":{"line":45,"column":8},"end":{"line":51,"column":9}},"13":{"start":{"line":46,"column":12},"end":{"line":46,"column":57}},"14":{"start":{"line":48,"column":12},"end":{"line":48,"column":35}},"15":{"start":{"line":49,"column":12},"end":{"line":49,"column":49}},"16":{"start":{"line":50,"column":12},"end":{"line":50,"column":43}}},"branchMap":{"1":{"line":25,"type":"binary-expr","locations":[{"start":{"line":25,"column":23},"end":{"line":25,"column":62}},{"start":{"line":26,"column":20},"end":{"line":26,"column":70}},{"start":{"line":27,"column":20},"end":{"line":27,"column":71}},{"start":{"line":28,"column":20},"end":{"line":28,"column":29}}]},"2":{"line":30,"type":"binary-expr","locations":[{"start":{"line":30,"column":23},"end":{"line":30,"column":37}},{"start":{"line":31,"column":20},"end":{"line":31,"column":61}},{"start":{"line":32,"column":20},"end":{"line":32,"column":70}},{"start":{"line":33,"column":20},"end":{"line":33,"column":26}}]},"3":{"line":37,"type":"cond-expr","locations":[{"start":{"line":38,"column":14},"end":{"line":38,"column":20}},{"start":{"line":39,"column":14},"end":{"line":39,"column":20}}]},"4":{"line":41,"type":"binary-expr","locations":[{"start":{"line":41,"column":16},"end":{"line":41,"column":44}},{"start":{"line":41,"column":48},"end":{"line":41,"column":53}}]},"5":{"line":45,"type":"if","locations":[{"start":{"line":45,"column":8},"end":{"line":45,"column":8}},{"start":{"line":45,"column":8},"end":{"line":45,"column":8}}]}},"code":["/* istanbul instrument in package npmtest_seraph */","/*jslint","    bitwise: true,","    browser: true,","    maxerr: 8,","    maxlen: 96,","    node: true,","    nomen: true,","    regexp: true,","    stupid: true","*/","(function () {","    'use strict';","    var local;","","","","    // run shared js-env code - pre-init","    (function () {","        // init local","        local = {};","        // init modeJs","        local.modeJs = (function () {","            try {","                return typeof navigator.userAgent === 'string' &&","                    typeof document.querySelector('body') === 'object' &&","                    typeof XMLHttpRequest.prototype.open === 'function' &&","                    'browser';","            } catch (errorCaughtBrowser) {","                return module.exports &&","                    typeof process.versions.node === 'string' &&","                    typeof require('http').createServer === 'function' &&","                    'node';","            }","        }());","        // init global","        local.global = local.modeJs === 'browser'","            ? window","            : global;","        // init utility2_rollup","        local = local.global.utility2_rollup || local;","        // init lib","        local.local = local.npmtest_seraph = local;","        // init exports","        if (local.modeJs === 'browser') {","            local.global.utility2_npmtest_seraph = local;","        } else {","            module.exports = local;","            module.exports.__dirname = __dirname;","            module.exports.module = module;","        }","    }());","}());",""],"l":{"12":2,"14":2,"19":2,"21":2,"23":2,"24":2,"25":2,"30":1,"37":2,"41":2,"43":2,"45":2,"46":1,"48":1,"49":1,"50":1}},"/home/travis/build/npmtest/node-npmtest-seraph/example.js":{"path":"/home/travis/build/npmtest/node-npmtest-seraph/example.js","s":{"1":2,"2":2,"3":2,"4":2,"5":2,"6":2,"7":2,"8":1,"9":2,"10":2,"11":2,"12":2,"13":1,"14":2,"15":2,"16":2,"17":2,"18":2,"19":0,"20":2,"21":1,"22":1,"23":1,"24":1,"25":1,"26":0,"27":0,"28":1,"29":1,"30":2,"31":0,"32":0,"33":0,"34":1,"35":2,"36":2,"37":3,"38":3,"39":3,"40":3,"41":0,"42":3,"43":3,"44":3,"45":1,"46":3,"47":1,"48":1,"49":1,"50":1,"51":1,"52":1,"53":1,"54":1,"55":1,"56":1,"57":0,"58":1,"59":6,"60":6,"61":1,"62":2,"63":0,"64":2,"65":1,"66":1,"67":0,"68":0,"69":0,"70":0,"71":0,"72":0,"73":0,"74":0,"75":0,"76":0,"77":0,"78":0,"79":0,"80":0,"81":0,"82":0,"83":0},"b":{"1":[2,1,1,1],"2":[1,1,1,1],"3":[1,1],"4":[2,2],"5":[1,1],"6":[1,1],"7":[2,0],"8":[2,1,1,1,1,1],"9":[0,2,0],"10":[1,1],"11":[2,1,1],"12":[1,0],"13":[0,2],"14":[2,0,0,0,0,0,0],"15":[0,3],"16":[3,0],"17":[1,1],"18":[0,1],"19":[1,2,0,2],"20":[1,0],"21":[1,1],"22":[0,0],"23":[0,0],"24":[0,0],"25":[0,0],"26":[0,0],"27":[0,0],"28":[0,0]},"f":{"1":2,"2":2,"3":2,"4":2,"5":2,"6":2,"7":3,"8":3,"9":3,"10":1,"11":6,"12":0},"fnMap":{"1":{"name":"(anonymous_1)","line":26,"loc":{"start":{"line":26,"column":1},"end":{"line":26,"column":13}}},"2":{"name":"(anonymous_2)","line":33,"loc":{"start":{"line":33,"column":5},"end":{"line":33,"column":17}}},"3":{"name":"(anonymous_3)","line":37,"loc":{"start":{"line":37,"column":24},"end":{"line":37,"column":36}}},"4":{"name":"(anonymous_4)","line":69,"loc":{"start":{"line":69,"column":31},"end":{"line":69,"column":48}},"skip":true},"5":{"name":"(anonymous_5)","line":78,"loc":{"start":{"line":78,"column":26},"end":{"line":78,"column":45}},"skip":true},"6":{"name":"(anonymous_6)","line":123,"loc":{"start":{"line":123,"column":33},"end":{"line":123,"column":48}},"skip":true},"7":{"name":"(anonymous_7)","line":125,"loc":{"start":{"line":125,"column":27},"end":{"line":125,"column":39}},"skip":true},"8":{"name":"(anonymous_8)","line":133,"loc":{"start":{"line":133,"column":59},"end":{"line":133,"column":74}},"skip":true},"9":{"name":"(anonymous_9)","line":143,"loc":{"start":{"line":143,"column":45},"end":{"line":143,"column":62}},"skip":true},"10":{"name":"(anonymous_10)","line":144,"loc":{"start":{"line":144,"column":73},"end":{"line":144,"column":92}},"skip":true},"11":{"name":"(anonymous_11)","line":272,"loc":{"start":{"line":272,"column":51},"end":{"line":272,"column":77}},"skip":true},"12":{"name":"(anonymous_12)","line":315,"loc":{"start":{"line":315,"column":32},"end":{"line":315,"column":61}},"skip":true}},"statementMap":{"1":{"start":{"line":26,"column":0},"end":{"line":326,"column":5}},"2":{"start":{"line":28,"column":4},"end":{"line":28,"column":14}},"3":{"start":{"line":33,"column":4},"end":{"line":60,"column":9}},"4":{"start":{"line":35,"column":8},"end":{"line":35,"column":19}},"5":{"start":{"line":37,"column":8},"end":{"line":49,"column":13}},"6":{"start":{"line":38,"column":12},"end":{"line":48,"column":13}},"7":{"start":{"line":39,"column":16},"end":{"line":42,"column":30}},"8":{"start":{"line":44,"column":16},"end":{"line":47,"column":27}},"9":{"start":{"line":51,"column":8},"end":{"line":53,"column":21}},"10":{"start":{"line":55,"column":8},"end":{"line":57,"column":45}},"11":{"start":{"line":59,"column":8},"end":{"line":59,"column":35}},"12":{"start":{"line":61,"column":4},"end":{"line":325,"column":5}},"13":{"start":{"line":69,"column":8},"end":{"line":121,"column":10},"skip":true},"14":{"start":{"line":70,"column":12},"end":{"line":88,"column":13},"skip":true},"15":{"start":{"line":76,"column":16},"end":{"line":87,"column":19},"skip":true},"16":{"start":{"line":79,"column":20},"end":{"line":86,"column":21},"skip":true},"17":{"start":{"line":82,"column":24},"end":{"line":82,"column":43},"skip":true},"18":{"start":{"line":83,"column":24},"end":{"line":83,"column":30},"skip":true},"19":{"start":{"line":85,"column":24},"end":{"line":85,"column":49},"skip":true},"20":{"start":{"line":89,"column":12},"end":{"line":107,"column":13},"skip":true},"21":{"start":{"line":92,"column":16},"end":{"line":102,"column":17},"skip":true},"22":{"start":{"line":93,"column":20},"end":{"line":93,"column":86},"skip":true},"23":{"start":{"line":94,"column":20},"end":{"line":95,"column":45},"skip":true},"24":{"start":{"line":96,"column":20},"end":{"line":96,"column":42},"skip":true},"25":{"start":{"line":97,"column":20},"end":{"line":97,"column":48},"skip":true},"26":{"start":{"line":100,"column":20},"end":{"line":100,"column":85},"skip":true},"27":{"start":{"line":101,"column":20},"end":{"line":101,"column":96},"skip":true},"28":{"start":{"line":103,"column":16},"end":{"line":103,"column":22},"skip":true},"29":{"start":{"line":106,"column":16},"end":{"line":106,"column":22},"skip":true},"30":{"start":{"line":108,"column":12},"end":{"line":120,"column":13},"skip":true},"31":{"start":{"line":114,"column":16},"end":{"line":119,"column":17},"skip":true},"32":{"start":{"line":116,"column":20},"end":{"line":116,"column":78},"skip":true},"33":{"start":{"line":118,"column":20},"end":{"line":118,"column":47},"skip":true},"34":{"start":{"line":123,"column":8},"end":{"line":141,"column":11},"skip":true},"35":{"start":{"line":124,"column":12},"end":{"line":124,"column":54},"skip":true},"36":{"start":{"line":125,"column":12},"end":{"line":140,"column":14},"skip":true},"37":{"start":{"line":126,"column":16},"end":{"line":126,"column":28},"skip":true},"38":{"start":{"line":127,"column":16},"end":{"line":127,"column":69},"skip":true},"39":{"start":{"line":128,"column":16},"end":{"line":128,"column":75},"skip":true},"40":{"start":{"line":129,"column":16},"end":{"line":131,"column":17},"skip":true},"41":{"start":{"line":130,"column":20},"end":{"line":130,"column":27},"skip":true},"42":{"start":{"line":133,"column":16},"end":{"line":137,"column":36},"skip":true},"43":{"start":{"line":134,"column":20},"end":{"line":136,"column":55},"skip":true},"44":{"start":{"line":139,"column":16},"end":{"line":139,"column":57},"skip":true},"45":{"start":{"line":143,"column":8},"end":{"line":147,"column":11},"skip":true},"46":{"start":{"line":144,"column":12},"end":{"line":146,"column":15},"skip":true},"47":{"start":{"line":145,"column":16},"end":{"line":145,"column":70},"skip":true},"48":{"start":{"line":149,"column":8},"end":{"line":149,"column":31},"skip":true},"49":{"start":{"line":150,"column":8},"end":{"line":150,"column":14},"skip":true},"50":{"start":{"line":158,"column":8},"end":{"line":158,"column":31},"skip":true},"51":{"start":{"line":160,"column":8},"end":{"line":160,"column":33},"skip":true},"52":{"start":{"line":161,"column":8},"end":{"line":161,"column":37},"skip":true},"53":{"start":{"line":162,"column":8},"end":{"line":162,"column":35},"skip":true},"54":{"start":{"line":164,"column":8},"end":{"line":164,"column":50},"skip":true},"55":{"start":{"line":166,"column":8},"end":{"line":256,"column":2},"skip":true},"56":{"start":{"line":258,"column":8},"end":{"line":286,"column":9},"skip":true},"57":{"start":{"line":259,"column":12},"end":{"line":269,"column":14},"skip":true},"58":{"start":{"line":271,"column":12},"end":{"line":285,"column":19},"skip":true},"59":{"start":{"line":274,"column":20},"end":{"line":274,"column":35},"skip":true},"60":{"start":{"line":275,"column":20},"end":{"line":284,"column":21},"skip":true},"61":{"start":{"line":277,"column":24},"end":{"line":277,"column":64},"skip":true},"62":{"start":{"line":279,"column":24},"end":{"line":279,"column":40},"skip":true},"63":{"start":{"line":281,"column":24},"end":{"line":281,"column":40},"skip":true},"64":{"start":{"line":283,"column":24},"end":{"line":283,"column":39},"skip":true},"65":{"start":{"line":288,"column":8},"end":{"line":290,"column":9},"skip":true},"66":{"start":{"line":289,"column":12},"end":{"line":289,"column":18},"skip":true},"67":{"start":{"line":291,"column":8},"end":{"line":293,"column":54},"skip":true},"68":{"start":{"line":296,"column":8},"end":{"line":301,"column":37},"skip":true},"69":{"start":{"line":303,"column":8},"end":{"line":303,"column":82},"skip":true},"70":{"start":{"line":306,"column":8},"end":{"line":308,"column":9},"skip":true},"71":{"start":{"line":307,"column":12},"end":{"line":307,"column":82},"skip":true},"72":{"start":{"line":310,"column":8},"end":{"line":312,"column":9},"skip":true},"73":{"start":{"line":311,"column":12},"end":{"line":311,"column":18},"skip":true},"74":{"start":{"line":313,"column":8},"end":{"line":313,"column":54},"skip":true},"75":{"start":{"line":314,"column":8},"end":{"line":314,"column":69},"skip":true},"76":{"start":{"line":315,"column":8},"end":{"line":323,"column":36},"skip":true},"77":{"start":{"line":316,"column":12},"end":{"line":316,"column":61},"skip":true},"78":{"start":{"line":317,"column":12},"end":{"line":320,"column":13},"skip":true},"79":{"start":{"line":318,"column":16},"end":{"line":318,"column":75},"skip":true},"80":{"start":{"line":319,"column":16},"end":{"line":319,"column":23},"skip":true},"81":{"start":{"line":321,"column":12},"end":{"line":321,"column":38},"skip":true},"82":{"start":{"line":322,"column":12},"end":{"line":322,"column":27},"skip":true},"83":{"start":{"line":324,"column":8},"end":{"line":324,"column":14},"skip":true}},"branchMap":{"1":{"line":39,"type":"binary-expr","locations":[{"start":{"line":39,"column":23},"end":{"line":39,"column":62}},{"start":{"line":40,"column":20},"end":{"line":40,"column":70}},{"start":{"line":41,"column":20},"end":{"line":41,"column":71}},{"start":{"line":42,"column":20},"end":{"line":42,"column":29}}]},"2":{"line":44,"type":"binary-expr","locations":[{"start":{"line":44,"column":23},"end":{"line":44,"column":37}},{"start":{"line":45,"column":20},"end":{"line":45,"column":61}},{"start":{"line":46,"column":20},"end":{"line":46,"column":70}},{"start":{"line":47,"column":20},"end":{"line":47,"column":26}}]},"3":{"line":51,"type":"cond-expr","locations":[{"start":{"line":52,"column":14},"end":{"line":52,"column":20}},{"start":{"line":53,"column":14},"end":{"line":53,"column":20}}]},"4":{"line":55,"type":"binary-expr","locations":[{"start":{"line":55,"column":16},"end":{"line":55,"column":44}},{"start":{"line":55,"column":49},"end":{"line":57,"column":43}}]},"5":{"line":55,"type":"cond-expr","locations":[{"start":{"line":56,"column":14},"end":{"line":56,"column":50}},{"start":{"line":57,"column":14},"end":{"line":57,"column":43}}]},"6":{"line":61,"type":"switch","locations":[{"start":{"line":68,"column":4},"end":{"line":150,"column":14},"skip":true},{"start":{"line":156,"column":4},"end":{"line":324,"column":14},"skip":true}]},"7":{"line":70,"type":"if","locations":[{"start":{"line":70,"column":12},"end":{"line":70,"column":12},"skip":true},{"start":{"line":70,"column":12},"end":{"line":70,"column":12},"skip":true}]},"8":{"line":70,"type":"binary-expr","locations":[{"start":{"line":70,"column":16},"end":{"line":70,"column":22},"skip":true},{"start":{"line":70,"column":27},"end":{"line":70,"column":32},"skip":true},{"start":{"line":71,"column":20},"end":{"line":71,"column":39},"skip":true},{"start":{"line":72,"column":20},"end":{"line":72,"column":49},"skip":true},{"start":{"line":73,"column":20},"end":{"line":73,"column":58},"skip":true},{"start":{"line":74,"column":20},"end":{"line":74,"column":69},"skip":true}]},"9":{"line":79,"type":"switch","locations":[{"start":{"line":80,"column":20},"end":{"line":80,"column":33},"skip":true},{"start":{"line":81,"column":20},"end":{"line":83,"column":30},"skip":true},{"start":{"line":84,"column":20},"end":{"line":85,"column":49},"skip":true}]},"10":{"line":89,"type":"switch","locations":[{"start":{"line":90,"column":12},"end":{"line":103,"column":22},"skip":true},{"start":{"line":105,"column":12},"end":{"line":106,"column":22},"skip":true}]},"11":{"line":89,"type":"binary-expr","locations":[{"start":{"line":89,"column":20},"end":{"line":89,"column":25},"skip":true},{"start":{"line":89,"column":29},"end":{"line":89,"column":48},"skip":true},{"start":{"line":89,"column":52},"end":{"line":89,"column":74},"skip":true}]},"12":{"line":92,"type":"if","locations":[{"start":{"line":92,"column":16},"end":{"line":92,"column":16},"skip":true},{"start":{"line":92,"column":16},"end":{"line":92,"column":16},"skip":true}]},"13":{"line":108,"type":"if","locations":[{"start":{"line":108,"column":12},"end":{"line":108,"column":12},"skip":true},{"start":{"line":108,"column":12},"end":{"line":108,"column":12},"skip":true}]},"14":{"line":108,"type":"binary-expr","locations":[{"start":{"line":108,"column":16},"end":{"line":108,"column":61},"skip":true},{"start":{"line":108,"column":66},"end":{"line":108,"column":72},"skip":true},{"start":{"line":108,"column":77},"end":{"line":108,"column":82},"skip":true},{"start":{"line":109,"column":20},"end":{"line":109,"column":39},"skip":true},{"start":{"line":110,"column":20},"end":{"line":110,"column":49},"skip":true},{"start":{"line":111,"column":20},"end":{"line":111,"column":58},"skip":true},{"start":{"line":112,"column":20},"end":{"line":112,"column":68},"skip":true}]},"15":{"line":129,"type":"if","locations":[{"start":{"line":129,"column":16},"end":{"line":129,"column":16},"skip":true},{"start":{"line":129,"column":16},"end":{"line":129,"column":16},"skip":true}]},"16":{"line":134,"type":"cond-expr","locations":[{"start":{"line":135,"column":26},"end":{"line":135,"column":29},"skip":true},{"start":{"line":136,"column":26},"end":{"line":136,"column":54},"skip":true}]},"17":{"line":164,"type":"binary-expr","locations":[{"start":{"line":164,"column":27},"end":{"line":164,"column":43},"skip":true},{"start":{"line":164,"column":47},"end":{"line":164,"column":49},"skip":true}]},"18":{"line":258,"type":"if","locations":[{"start":{"line":258,"column":8},"end":{"line":258,"column":8},"skip":true},{"start":{"line":258,"column":8},"end":{"line":258,"column":8},"skip":true}]},"19":{"line":275,"type":"switch","locations":[{"start":{"line":276,"column":20},"end":{"line":277,"column":64},"skip":true},{"start":{"line":278,"column":20},"end":{"line":279,"column":40},"skip":true},{"start":{"line":280,"column":20},"end":{"line":281,"column":40},"skip":true},{"start":{"line":282,"column":20},"end":{"line":283,"column":39},"skip":true}]},"20":{"line":288,"type":"if","locations":[{"start":{"line":288,"column":8},"end":{"line":288,"column":8},"skip":true},{"start":{"line":288,"column":8},"end":{"line":288,"column":8},"skip":true}]},"21":{"line":288,"type":"binary-expr","locations":[{"start":{"line":288,"column":12},"end":{"line":288,"column":40},"skip":true},{"start":{"line":288,"column":44},"end":{"line":288,"column":67},"skip":true}]},"22":{"line":292,"type":"binary-expr","locations":[{"start":{"line":292,"column":12},"end":{"line":292,"column":50},"skip":true},{"start":{"line":293,"column":12},"end":{"line":293,"column":53},"skip":true}]},"23":{"line":297,"type":"binary-expr","locations":[{"start":{"line":297,"column":12},"end":{"line":297,"column":64},"skip":true},{"start":{"line":298,"column":12},"end":{"line":301,"column":36},"skip":true}]},"24":{"line":303,"type":"binary-expr","locations":[{"start":{"line":303,"column":43},"end":{"line":303,"column":75},"skip":true},{"start":{"line":303,"column":79},"end":{"line":303,"column":81},"skip":true}]},"25":{"line":306,"type":"if","locations":[{"start":{"line":306,"column":8},"end":{"line":306,"column":8},"skip":true},{"start":{"line":306,"column":8},"end":{"line":306,"column":8},"skip":true}]},"26":{"line":310,"type":"if","locations":[{"start":{"line":310,"column":8},"end":{"line":310,"column":8},"skip":true},{"start":{"line":310,"column":8},"end":{"line":310,"column":8},"skip":true}]},"27":{"line":313,"type":"binary-expr","locations":[{"start":{"line":313,"column":27},"end":{"line":313,"column":43},"skip":true},{"start":{"line":313,"column":47},"end":{"line":313,"column":53},"skip":true}]},"28":{"line":317,"type":"if","locations":[{"start":{"line":317,"column":12},"end":{"line":317,"column":12},"skip":true},{"start":{"line":317,"column":12},"end":{"line":317,"column":12},"skip":true}]}},"code":["/*","example.js","","quickstart example","","instruction","    1. save this script as example.js","    2. run the shell command:","        $ npm install npmtest-seraph && PORT=8081 node example.js","    3. play with the browser-demo on http://127.0.0.1:8081","*/","","","","/* istanbul instrument in package npmtest_seraph */","/*jslint","    bitwise: true,","    browser: true,","    maxerr: 8,","    maxlen: 96,","    node: true,","    nomen: true,","    regexp: true,","    stupid: true","*/","(function () {","    'use strict';","    var local;","","","","    // run shared js-env code - pre-init","    (function () {","        // init local","        local = {};","        // init modeJs","        local.modeJs = (function () {","            try {","                return typeof navigator.userAgent === 'string' &&","                    typeof document.querySelector('body') === 'object' &&","                    typeof XMLHttpRequest.prototype.open === 'function' &&","                    'browser';","            } catch (errorCaughtBrowser) {","                return module.exports &&","                    typeof process.versions.node === 'string' &&","                    typeof require('http').createServer === 'function' &&","                    'node';","            }","        }());","        // init global","        local.global = local.modeJs === 'browser'","            ? window","            : global;","        // init utility2_rollup","        local = local.global.utility2_rollup || (local.modeJs === 'browser'","            ? local.global.utility2_npmtest_seraph","            : global.utility2_moduleExports);","        // export local","        local.global.local = local;","    }());","    switch (local.modeJs) {","","","","    // post-init","    // run browser js-env code - post-init","    /* istanbul ignore next */","    case 'browser':","        local.testRunBrowser = function (event) {","            if (!event || (event &&","                    event.currentTarget &&","                    event.currentTarget.className &&","                    event.currentTarget.className.includes &&","                    event.currentTarget.className.includes('onreset'))) {","                // reset output","                Array.from(","                    document.querySelectorAll('body > .resettable')","                ).forEach(function (element) {","                    switch (element.tagName) {","                    case 'INPUT':","                    case 'TEXTAREA':","                        element.value = '';","                        break;","                    default:","                        element.textContent = '';","                    }","                });","            }","            switch (event && event.currentTarget && event.currentTarget.id) {","            case 'testRunButton1':","                // show tests","                if (document.querySelector('#testReportDiv1').style.display === 'none') {","                    document.querySelector('#testReportDiv1').style.display = 'block';","                    document.querySelector('#testRunButton1').textContent =","                        'hide internal test';","                    local.modeTest = true;","                    local.testRunDefault(local);","                // hide tests","                } else {","                    document.querySelector('#testReportDiv1').style.display = 'none';","                    document.querySelector('#testRunButton1').textContent = 'run internal test';","                }","                break;","            // custom-case","            default:","                break;","            }","            if (document.querySelector('#inputTextareaEval1') && (!event || (event &&","                    event.currentTarget &&","                    event.currentTarget.className &&","                    event.currentTarget.className.includes &&","                    event.currentTarget.className.includes('oneval')))) {","                // try to eval input-code","                try {","                    /*jslint evil: true*/","                    eval(document.querySelector('#inputTextareaEval1').value);","                } catch (errorCaught) {","                    console.error(errorCaught);","                }","            }","        };","        // log stderr and stdout to #outputTextareaStdout1","        ['error', 'log'].forEach(function (key) {","            console[key + '_original'] = console[key];","            console[key] = function () {","                var element;","                console[key + '_original'].apply(console, arguments);","                element = document.querySelector('#outputTextareaStdout1');","                if (!element) {","                    return;","                }","                // append text to #outputTextareaStdout1","                element.value += Array.from(arguments).map(function (arg) {","                    return typeof arg === 'string'","                        ? arg","                        : JSON.stringify(arg, null, 4);","                }).join(' ') + '\\n';","                // scroll textarea to bottom","                element.scrollTop = element.scrollHeight;","            };","        });","        // init event-handling","        ['change', 'click', 'keyup'].forEach(function (event) {","            Array.from(document.querySelectorAll('.on' + event)).forEach(function (element) {","                element.addEventListener(event, local.testRunBrowser);","            });","        });","        // run tests","        local.testRunBrowser();","        break;","","","","    // run node js-env code - post-init","    /* istanbul ignore next */","    case 'node':","        // export local","        module.exports = local;","        // require modules","        local.fs = require('fs');","        local.http = require('http');","        local.url = require('url');","        // init assets","        local.assetsDict = local.assetsDict || {};","        /* jslint-ignore-begin */","        local.assetsDict['/assets.index.template.html'] = '\\","<!doctype html>\\n\\","<html lang=\"en\">\\n\\","<head>\\n\\","<meta charset=\"UTF-8\">\\n\\","<meta name=\"viewport\" content=\"width=device-width, initial-scale=1\">\\n\\","<title>{{env.npm_package_name}} (v{{env.npm_package_version}})</title>\\n\\","<style>\\n\\","/*csslint\\n\\","    box-sizing: false,\\n\\","    universal-selector: false\\n\\","*/\\n\\","* {\\n\\","    box-sizing: border-box;\\n\\","}\\n\\","body {\\n\\","    background: #dde;\\n\\","    font-family: Arial, Helvetica, sans-serif;\\n\\","    margin: 2rem;\\n\\","}\\n\\","body > * {\\n\\","    margin-bottom: 1rem;\\n\\","}\\n\\",".utility2FooterDiv {\\n\\","    margin-top: 20px;\\n\\","    text-align: center;\\n\\","}\\n\\","</style>\\n\\","<style>\\n\\","/*csslint\\n\\","*/\\n\\","textarea {\\n\\","    font-family: monospace;\\n\\","    height: 10rem;\\n\\","    width: 100%;\\n\\","}\\n\\","textarea[readonly] {\\n\\","    background: #ddd;\\n\\","}\\n\\","</style>\\n\\","</head>\\n\\","<body>\\n\\","<!-- utility2-comment\\n\\","<div id=\"ajaxProgressDiv1\" style=\"background: #d00; height: 2px; left: 0; margin: 0; padding: 0; position: fixed; top: 0; transition: background 0.5s, width 1.5s; width: 25%;\"></div>\\n\\","utility2-comment -->\\n\\","<h1>\\n\\","<!-- utility2-comment\\n\\","    <a\\n\\","        {{#if env.npm_package_homepage}}\\n\\","        href=\"{{env.npm_package_homepage}}\"\\n\\","        {{/if env.npm_package_homepage}}\\n\\","        target=\"_blank\"\\n\\","    >\\n\\","utility2-comment -->\\n\\","        {{env.npm_package_name}} (v{{env.npm_package_version}})\\n\\","<!-- utility2-comment\\n\\","    </a>\\n\\","utility2-comment -->\\n\\","</h1>\\n\\","<h3>{{env.npm_package_description}}</h3>\\n\\","<!-- utility2-comment\\n\\","<h4><a download href=\"assets.app.js\">download standalone app</a></h4>\\n\\","<button class=\"onclick onreset\" id=\"testRunButton1\">run internal test</button><br>\\n\\","<div id=\"testReportDiv1\" style=\"display: none;\"></div>\\n\\","utility2-comment -->\\n\\","\\n\\","\\n\\","\\n\\","<label>stderr and stdout</label>\\n\\","<textarea class=\"resettable\" id=\"outputTextareaStdout1\" readonly></textarea>\\n\\","<!-- utility2-comment\\n\\","{{#if isRollup}}\\n\\","<script src=\"assets.app.js\"></script>\\n\\","{{#unless isRollup}}\\n\\","utility2-comment -->\\n\\","<script src=\"assets.utility2.rollup.js\"></script>\\n\\","<script src=\"jsonp.utility2._stateInit?callback=window.utility2._stateInit\"></script>\\n\\","<script src=\"assets.npmtest_seraph.rollup.js\"></script>\\n\\","<script src=\"assets.example.js\"></script>\\n\\","<script src=\"assets.test.js\"></script>\\n\\","<!-- utility2-comment\\n\\","{{/if isRollup}}\\n\\","utility2-comment -->\\n\\","<div class=\"utility2FooterDiv\">\\n\\","    [ this app was created with\\n\\","    <a href=\"https://github.com/kaizhu256/node-utility2\" target=\"_blank\">utility2</a>\\n\\","    ]\\n\\","</div>\\n\\","</body>\\n\\","</html>\\n\\","';","        /* jslint-ignore-end */","        if (local.templateRender) {","            local.assetsDict['/'] = local.templateRender(","                local.assetsDict['/assets.index.template.html'],","                {","                    env: local.objectSetDefault(local.env, {","                        npm_package_description: 'the greatest app in the world!',","                        npm_package_name: 'my-app',","                        npm_package_nameAlias: 'my_app',","                        npm_package_version: '0.0.1'","                    })","                }","            );","        } else {","            local.assetsDict['/'] = local.assetsDict['/assets.index.template.html']","                .replace((/\\{\\{env\\.(\\w+?)\\}\\}/g), function (match0, match1) {","                    // jslint-hack","                    String(match0);","                    switch (match1) {","                    case 'npm_package_description':","                        return 'the greatest app in the world!';","                    case 'npm_package_name':","                        return 'my-app';","                    case 'npm_package_nameAlias':","                        return 'my_app';","                    case 'npm_package_version':","                        return '0.0.1';","                    }","                });","        }","        // run the cli","        if (local.global.utility2_rollup || module !== require.main) {","            break;","        }","        local.assetsDict['/assets.example.js'] =","            local.assetsDict['/assets.example.js'] ||","            local.fs.readFileSync(__filename, 'utf8');","        // bug-workaround - long $npm_package_buildCustomOrg","        /* jslint-ignore-begin */","        local.assetsDict['/assets.npmtest_seraph.rollup.js'] =","            local.assetsDict['/assets.npmtest_seraph.rollup.js'] ||","            local.fs.readFileSync(","                local.npmtest_seraph.__dirname + '/lib.npmtest_seraph.js',","                'utf8'","            ).replace((/^#!/), '//');","        /* jslint-ignore-end */","        local.assetsDict['/favicon.ico'] = local.assetsDict['/favicon.ico'] || '';","        // if $npm_config_timeout_exit exists,","        // then exit this process after $npm_config_timeout_exit ms","        if (Number(process.env.npm_config_timeout_exit)) {","            setTimeout(process.exit, Number(process.env.npm_config_timeout_exit));","        }","        // start server","        if (local.global.utility2_serverHttp1) {","            break;","        }","        process.env.PORT = process.env.PORT || '8081';","        console.error('server starting on port ' + process.env.PORT);","        local.http.createServer(function (request, response) {","            request.urlParsed = local.url.parse(request.url);","            if (local.assetsDict[request.urlParsed.pathname] !== undefined) {","                response.end(local.assetsDict[request.urlParsed.pathname]);","                return;","            }","            response.statusCode = 404;","            response.end();","        }).listen(process.env.PORT);","        break;","    }","}());",""],"l":{"26":2,"28":2,"33":2,"35":2,"37":2,"38":2,"39":2,"44":1,"51":2,"55":2,"59":2,"61":2,"69":1,"70":2,"76":2,"79":2,"82":2,"83":2,"85":1,"89":2,"92":1,"93":1,"94":1,"96":1,"97":1,"100":1,"101":1,"103":1,"106":1,"108":2,"114":1,"116":1,"118":1,"123":1,"124":2,"125":2,"126":3,"127":3,"128":3,"129":3,"130":1,"133":3,"134":3,"139":3,"143":1,"144":3,"145":1,"149":1,"150":1,"158":1,"160":1,"161":1,"162":1,"164":1,"166":1,"258":1,"259":1,"271":1,"274":6,"275":6,"277":1,"279":2,"281":1,"283":2,"288":1,"289":1,"291":1,"296":1,"303":1,"306":1,"307":1,"310":1,"311":1,"313":1,"314":1,"315":1,"316":1,"317":1,"318":1,"319":1,"321":1,"322":1,"324":1}},"/home/travis/build/npmtest/node-npmtest-seraph/node_modules/seraph/lib/seraph.js":{"path":"/home/travis/build/npmtest/node-npmtest-seraph/node_modules/seraph/lib/seraph.js","s":{"1":1,"2":1,"3":1,"4":1,"5":1,"6":1,"7":1,"8":1,"9":0,"10":0,"11":0,"12":0,"13":0,"14":0,"15":0,"16":1,"17":0,"18":1,"19":0,"20":0,"21":0,"22":0,"23":0,"24":0,"25":0,"26":0,"27":0,"28":0,"29":0,"30":0,"31":0,"32":0,"33":0,"34":0,"35":1,"36":0,"37":1,"38":0,"39":0,"40":0,"41":0,"42":1,"43":0,"44":0,"45":0,"46":0,"47":0,"48":0,"49":0,"50":0,"51":0,"52":1,"53":0,"54":1,"55":0,"56":0,"57":0,"58":0,"59":1,"60":1,"61":0,"62":0,"63":0,"64":0,"65":1,"66":1,"67":0,"68":0,"69":0,"70":0,"71":1,"72":0,"73":1,"74":0,"75":1,"76":0,"77":1,"78":0,"79":0,"80":0,"81":1,"82":0,"83":0,"84":0,"85":1,"86":0,"87":0,"88":0,"89":1,"90":0,"91":0,"92":0,"93":0,"94":0,"95":0,"96":0,"97":0,"98":0,"99":0,"100":0,"101":0,"102":0,"103":0,"104":0,"105":1,"106":0,"107":0,"108":0,"109":0,"110":1,"111":0,"112":0,"113":0,"114":0,"115":0,"116":0,"117":0,"118":0,"119":0,"120":0,"121":0,"122":0,"123":0,"124":0,"125":0,"126":0,"127":0,"128":1,"129":0,"130":0,"131":0,"132":0,"133":0,"134":0,"135":0,"136":0,"137":0,"138":1,"139":1,"140":0,"141":1,"142":0,"143":0,"144":0,"145":0,"146":0,"147":0,"148":0,"149":0,"150":1,"151":0,"152":1,"153":0,"154":1,"155":0,"156":0,"157":1,"158":0,"159":1,"160":0,"161":1,"162":0,"163":0,"164":0,"165":0,"166":1,"167":0,"168":0,"169":0,"170":0,"171":0,"172":0,"173":0,"174":0,"175":0,"176":0,"177":0,"178":0,"179":0,"180":1,"181":0,"182":0,"183":0,"184":0,"185":0,"186":0,"187":0,"188":0,"189":0,"190":0,"191":0,"192":0,"193":0,"194":0,"195":0,"196":0,"197":0,"198":0,"199":0,"200":0,"201":0,"202":0,"203":0,"204":0,"205":0,"206":0,"207":0,"208":0,"209":0,"210":0,"211":0,"212":0,"213":0,"214":0,"215":0,"216":0,"217":0,"218":0,"219":0,"220":0,"221":0,"222":0,"223":1,"224":0,"225":0,"226":0,"227":0,"228":0,"229":0,"230":0,"231":0,"232":0,"233":0,"234":0,"235":0,"236":0,"237":0,"238":0,"239":0,"240":0,"241":0,"242":0,"243":0,"244":0,"245":0,"246":1,"247":1,"248":0,"249":0,"250":0,"251":0,"252":0,"253":1,"254":0,"255":0,"256":0,"257":0},"b":{"1":[0,0],"2":[0,0],"3":[1,0],"4":[0,0],"5":[0,0],"6":[0,0],"7":[0,0],"8":[0,0],"9":[0,0],"10":[0,0],"11":[0,0],"12":[0,0],"13":[0,0],"14":[0,0],"15":[0,0],"16":[0,0],"17":[0,0],"18":[0,0],"19":[0,0],"20":[0,0],"21":[0,0,0],"22":[0,0],"23":[0,0],"24":[0,0],"25":[0,0],"26":[0,0],"27":[0,0],"28":[0,0],"29":[0,0],"30":[0,0],"31":[0,0],"32":[0,0],"33":[0,0],"34":[0,0],"35":[0,0],"36":[0,0],"37":[0,0],"38":[0,0],"39":[0,0],"40":[0,0],"41":[0,0],"42":[0,0],"43":[0,0],"44":[0,0],"45":[0,0],"46":[0,0],"47":[0,0],"48":[0,0],"49":[0,0],"50":[0,0],"51":[0,0],"52":[0,0],"53":[0,0],"54":[0,0],"55":[0,0],"56":[0,0],"57":[0,0],"58":[0,0],"59":[0,0],"60":[0,0],"61":[0,0],"62":[0,0],"63":[0,0],"64":[0,0],"65":[0,0],"66":[0,0],"67":[0,0],"68":[0,0],"69":[0,0]},"f":{"1":0,"2":0,"3":0,"4":0,"5":0,"6":0,"7":0,"8":0,"9":0,"10":0,"11":0,"12":0,"13":0,"14":0,"15":0,"16":0,"17":0,"18":0,"19":0,"20":0,"21":0,"22":0,"23":0,"24":0,"25":0,"26":0,"27":0,"28":0,"29":0,"30":0,"31":0,"32":0,"33":0,"34":0,"35":0,"36":0,"37":0,"38":0,"39":0,"40":0,"41":0,"42":0,"43":0,"44":0,"45":0,"46":0,"47":0,"48":0,"49":0,"50":0,"51":0,"52":0},"fnMap":{"1":{"name":"(anonymous_1)","line":10,"loc":{"start":{"line":10,"column":16},"end":{"line":10,"column":39}}},"2":{"name":"(anonymous_2)","line":11,"loc":{"start":{"line":11,"column":33},"end":{"line":11,"column":54}}},"3":{"name":"setPrototypeOfPolyfill","line":20,"loc":{"start":{"line":20,"column":46},"end":{"line":20,"column":90}}},"4":{"name":"Seraph","line":22,"loc":{"start":{"line":22,"column":0},"end":{"line":22,"column":25}}},"5":{"name":"(anonymous_5)","line":50,"loc":{"start":{"line":50,"column":30},"end":{"line":50,"column":41}}},"6":{"name":"(anonymous_6)","line":56,"loc":{"start":{"line":56,"column":36},"end":{"line":56,"column":60}}},"7":{"name":"(anonymous_7)","line":71,"loc":{"start":{"line":71,"column":26},"end":{"line":71,"column":53}}},"8":{"name":"(anonymous_8)","line":85,"loc":{"start":{"line":85,"column":30},"end":{"line":85,"column":43}}},"9":{"name":"(anonymous_9)","line":92,"loc":{"start":{"line":92,"column":30},"end":{"line":92,"column":49}}},"10":{"name":"(anonymous_10)","line":112,"loc":{"start":{"line":112,"column":27},"end":{"line":112,"column":42}}},"11":{"name":"(anonymous_11)","line":132,"loc":{"start":{"line":132,"column":35},"end":{"line":132,"column":49}}},"12":{"name":"(anonymous_12)","line":142,"loc":{"start":{"line":142,"column":30},"end":{"line":142,"column":43}}},"13":{"name":"(anonymous_13)","line":146,"loc":{"start":{"line":146,"column":29},"end":{"line":146,"column":42}}},"14":{"name":"(anonymous_14)","line":150,"loc":{"start":{"line":150,"column":28},"end":{"line":150,"column":41}}},"15":{"name":"(anonymous_15)","line":157,"loc":{"start":{"line":157,"column":29},"end":{"line":157,"column":48}}},"16":{"name":"(anonymous_16)","line":167,"loc":{"start":{"line":167,"column":45},"end":{"line":167,"column":72}}},"17":{"name":"(anonymous_17)","line":183,"loc":{"start":{"line":183,"column":37},"end":{"line":183,"column":56}}},"18":{"name":"(anonymous_18)","line":193,"loc":{"start":{"line":193,"column":28},"end":{"line":193,"column":62}}},"19":{"name":"(anonymous_19)","line":210,"loc":{"start":{"line":210,"column":16},"end":{"line":210,"column":38}}},"20":{"name":"(anonymous_20)","line":215,"loc":{"start":{"line":215,"column":36},"end":{"line":215,"column":50}}},"21":{"name":"(anonymous_21)","line":221,"loc":{"start":{"line":221,"column":37},"end":{"line":221,"column":54}}},"22":{"name":"(anonymous_22)","line":223,"loc":{"start":{"line":223,"column":37},"end":{"line":223,"column":51}}},"23":{"name":"(anonymous_23)","line":224,"loc":{"start":{"line":224,"column":33},"end":{"line":224,"column":75}}},"24":{"name":"extractAttributes","line":226,"loc":{"start":{"line":226,"column":6},"end":{"line":226,"column":39}}},"25":{"name":"(anonymous_25)","line":249,"loc":{"start":{"line":249,"column":38},"end":{"line":249,"column":60}}},"26":{"name":"(anonymous_26)","line":261,"loc":{"start":{"line":261,"column":25},"end":{"line":261,"column":59}}},"27":{"name":"(anonymous_27)","line":270,"loc":{"start":{"line":270,"column":31},"end":{"line":270,"column":53}}},"28":{"name":"wrapForBatchFormat","line":280,"loc":{"start":{"line":280,"column":0},"end":{"line":280,"column":32}}},"29":{"name":"BatchSeraphId","line":281,"loc":{"start":{"line":281,"column":0},"end":{"line":281,"column":44}}},"30":{"name":"(anonymous_30)","line":284,"loc":{"start":{"line":284,"column":21},"end":{"line":284,"column":41}}},"31":{"name":"(anonymous_31)","line":297,"loc":{"start":{"line":297,"column":9},"end":{"line":297,"column":20}}},"32":{"name":"(anonymous_32)","line":301,"loc":{"start":{"line":301,"column":9},"end":{"line":301,"column":20}}},"33":{"name":"BatchSeraph","line":304,"loc":{"start":{"line":304,"column":0},"end":{"line":304,"column":35}}},"34":{"name":"isBatchId","line":308,"loc":{"start":{"line":308,"column":2},"end":{"line":308,"column":25}}},"35":{"name":"createId","line":312,"loc":{"start":{"line":312,"column":2},"end":{"line":312,"column":34}}},"36":{"name":"transformBatchArgs","line":316,"loc":{"start":{"line":316,"column":2},"end":{"line":316,"column":36}}},"37":{"name":"(anonymous_37)","line":317,"loc":{"start":{"line":317,"column":20},"end":{"line":317,"column":34}}},"38":{"name":"wrapFunctions","line":323,"loc":{"start":{"line":323,"column":2},"end":{"line":323,"column":41}}},"39":{"name":"(anonymous_39)","line":327,"loc":{"start":{"line":327,"column":42},"end":{"line":327,"column":56}}},"40":{"name":"wrapFunction","line":347,"loc":{"start":{"line":347,"column":2},"end":{"line":347,"column":28}}},"41":{"name":"(anonymous_41)","line":348,"loc":{"start":{"line":348,"column":25},"end":{"line":348,"column":47}}},"42":{"name":"(anonymous_42)","line":354,"loc":{"start":{"line":354,"column":11},"end":{"line":354,"column":22}}},"43":{"name":"(anonymous_43)","line":399,"loc":{"start":{"line":399,"column":20},"end":{"line":399,"column":51}}},"44":{"name":"handleSelfError","line":408,"loc":{"start":{"line":408,"column":2},"end":{"line":408,"column":34}}},"45":{"name":"(anonymous_45)","line":409,"loc":{"start":{"line":409,"column":33},"end":{"line":409,"column":52}}},"46":{"name":"(anonymous_46)","line":414,"loc":{"start":{"line":414,"column":16},"end":{"line":414,"column":35}}},"47":{"name":"(anonymous_47)","line":418,"loc":{"start":{"line":418,"column":26},"end":{"line":418,"column":49}}},"48":{"name":"(anonymous_48)","line":424,"loc":{"start":{"line":424,"column":44},"end":{"line":424,"column":63}}},"49":{"name":"(anonymous_49)","line":429,"loc":{"start":{"line":429,"column":22},"end":{"line":429,"column":39}}},"50":{"name":"(anonymous_50)","line":435,"loc":{"start":{"line":435,"column":35},"end":{"line":435,"column":54}}},"51":{"name":"(anonymous_51)","line":444,"loc":{"start":{"line":444,"column":25},"end":{"line":444,"column":56}}},"52":{"name":"(anonymous_52)","line":452,"loc":{"start":{"line":452,"column":17},"end":{"line":452,"column":35}}}},"statementMap":{"1":{"start":{"line":1,"column":0},"end":{"line":1,"column":27}},"2":{"start":{"line":2,"column":0},"end":{"line":2,"column":29}},"3":{"start":{"line":3,"column":0},"end":{"line":3,"column":33}},"4":{"start":{"line":4,"column":0},"end":{"line":4,"column":30}},"5":{"start":{"line":5,"column":0},"end":{"line":5,"column":31}},"6":{"start":{"line":6,"column":0},"end":{"line":6,"column":27}},"7":{"start":{"line":7,"column":0},"end":{"line":7,"column":34}},"8":{"start":{"line":10,"column":0},"end":{"line":17,"column":1}},"9":{"start":{"line":11,"column":2},"end":{"line":16,"column":9}},"10":{"start":{"line":12,"column":4},"end":{"line":14,"column":31}},"11":{"start":{"line":12,"column":37},"end":{"line":12,"column":79}},"12":{"start":{"line":13,"column":9},"end":{"line":14,"column":31}},"13":{"start":{"line":13,"column":44},"end":{"line":13,"column":80}},"14":{"start":{"line":14,"column":9},"end":{"line":14,"column":31}},"15":{"start":{"line":15,"column":4},"end":{"line":15,"column":17}},"16":{"start":{"line":20,"column":0},"end":{"line":20,"column":117}},"17":{"start":{"line":20,"column":92},"end":{"line":20,"column":114}},"18":{"start":{"line":22,"column":0},"end":{"line":45,"column":1}},"19":{"start":{"line":23,"column":2},"end":{"line":23,"column":61}},"20":{"start":{"line":23,"column":20},"end":{"line":23,"column":61}},"21":{"start":{"line":24,"column":2},"end":{"line":24,"column":31}},"22":{"start":{"line":26,"column":2},"end":{"line":26,"column":52}},"23":{"start":{"line":27,"column":2},"end":{"line":27,"column":30}},"24":{"start":{"line":29,"column":2},"end":{"line":29,"column":55}},"25":{"start":{"line":31,"column":2},"end":{"line":31,"column":49}},"26":{"start":{"line":32,"column":2},"end":{"line":32,"column":76}},"27":{"start":{"line":33,"column":2},"end":{"line":33,"column":51}},"28":{"start":{"line":34,"column":2},"end":{"line":34,"column":63}},"29":{"start":{"line":35,"column":2},"end":{"line":35,"column":69}},"30":{"start":{"line":39,"column":2},"end":{"line":39,"column":69}},"31":{"start":{"line":40,"column":2},"end":{"line":40,"column":76}},"32":{"start":{"line":41,"column":2},"end":{"line":41,"column":77}},"33":{"start":{"line":42,"column":2},"end":{"line":42,"column":84}},"34":{"start":{"line":44,"column":2},"end":{"line":44,"column":28}},"35":{"start":{"line":50,"column":0},"end":{"line":52,"column":2}},"36":{"start":{"line":51,"column":2},"end":{"line":51,"column":44}},"37":{"start":{"line":56,"column":0},"end":{"line":62,"column":2}},"38":{"start":{"line":57,"column":2},"end":{"line":61,"column":3}},"39":{"start":{"line":58,"column":4},"end":{"line":58,"column":54}},"40":{"start":{"line":58,"column":18},"end":{"line":58,"column":54}},"41":{"start":{"line":60,"column":4},"end":{"line":60,"column":25}},"42":{"start":{"line":71,"column":0},"end":{"line":83,"column":2}},"43":{"start":{"line":72,"column":2},"end":{"line":72,"column":9}},"44":{"start":{"line":73,"column":2},"end":{"line":79,"column":3}},"45":{"start":{"line":74,"column":4},"end":{"line":74,"column":67}},"46":{"start":{"line":75,"column":9},"end":{"line":79,"column":3}},"47":{"start":{"line":76,"column":4},"end":{"line":76,"column":15}},"48":{"start":{"line":78,"column":4},"end":{"line":78,"column":61}},"49":{"start":{"line":81,"column":2},"end":{"line":81,"column":40}},"50":{"start":{"line":81,"column":18},"end":{"line":81,"column":40}},"51":{"start":{"line":82,"column":2},"end":{"line":82,"column":12}},"52":{"start":{"line":85,"column":0},"end":{"line":87,"column":2}},"53":{"start":{"line":86,"column":2},"end":{"line":86,"column":57}},"54":{"start":{"line":92,"column":0},"end":{"line":99,"column":2}},"55":{"start":{"line":93,"column":2},"end":{"line":93,"column":43}},"56":{"start":{"line":94,"column":2},"end":{"line":96,"column":3}},"57":{"start":{"line":95,"column":4},"end":{"line":95,"column":16}},"58":{"start":{"line":98,"column":2},"end":{"line":98,"column":34}},"59":{"start":{"line":104,"column":0},"end":{"line":111,"column":2}},"60":{"start":{"line":112,"column":0},"end":{"line":120,"column":2}},"61":{"start":{"line":113,"column":2},"end":{"line":115,"column":3}},"62":{"start":{"line":114,"column":4},"end":{"line":114,"column":17}},"63":{"start":{"line":117,"column":2},"end":{"line":117,"column":46}},"64":{"start":{"line":118,"column":2},"end":{"line":119,"column":39}},"65":{"start":{"line":125,"column":0},"end":{"line":131,"column":2}},"66":{"start":{"line":132,"column":0},"end":{"line":140,"column":2}},"67":{"start":{"line":133,"column":2},"end":{"line":135,"column":3}},"68":{"start":{"line":134,"column":4},"end":{"line":134,"column":17}},"69":{"start":{"line":137,"column":2},"end":{"line":137,"column":52}},"70":{"start":{"line":138,"column":2},"end":{"line":139,"column":38}},"71":{"start":{"line":142,"column":0},"end":{"line":144,"column":2}},"72":{"start":{"line":143,"column":2},"end":{"line":143,"column":70}},"73":{"start":{"line":146,"column":0},"end":{"line":148,"column":2}},"74":{"start":{"line":147,"column":2},"end":{"line":147,"column":49}},"75":{"start":{"line":150,"column":0},"end":{"line":152,"column":2}},"76":{"start":{"line":151,"column":2},"end":{"line":151,"column":57}},"77":{"start":{"line":157,"column":0},"end":{"line":161,"column":2}},"78":{"start":{"line":158,"column":2},"end":{"line":158,"column":37}},"79":{"start":{"line":158,"column":27},"end":{"line":158,"column":37}},"80":{"start":{"line":159,"column":2},"end":{"line":160,"column":75}},"81":{"start":{"line":167,"column":0},"end":{"line":178,"column":2}},"82":{"start":{"line":168,"column":2},"end":{"line":173,"column":4}},"83":{"start":{"line":175,"column":2},"end":{"line":175,"column":76}},"84":{"start":{"line":177,"column":2},"end":{"line":177,"column":25}},"85":{"start":{"line":183,"column":0},"end":{"line":188,"column":2}},"86":{"start":{"line":184,"column":2},"end":{"line":184,"column":36}},"87":{"start":{"line":185,"column":2},"end":{"line":185,"column":60}},"88":{"start":{"line":187,"column":2},"end":{"line":187,"column":17}},"89":{"start":{"line":193,"column":0},"end":{"line":219,"column":2}},"90":{"start":{"line":194,"column":2},"end":{"line":196,"column":3}},"91":{"start":{"line":195,"column":4},"end":{"line":195,"column":48}},"92":{"start":{"line":197,"column":2},"end":{"line":202,"column":3}},"93":{"start":{"line":198,"column":4},"end":{"line":200,"column":5}},"94":{"start":{"line":199,"column":6},"end":{"line":199,"column":24}},"95":{"start":{"line":201,"column":4},"end":{"line":201,"column":16}},"96":{"start":{"line":204,"column":2},"end":{"line":208,"column":9}},"97":{"start":{"line":209,"column":2},"end":{"line":209,"column":55}},"98":{"start":{"line":210,"column":2},"end":{"line":218,"column":5}},"99":{"start":{"line":211,"column":4},"end":{"line":217,"column":5}},"100":{"start":{"line":212,"column":6},"end":{"line":212,"column":40}},"101":{"start":{"line":214,"column":6},"end":{"line":214,"column":33}},"102":{"start":{"line":215,"column":6},"end":{"line":215,"column":71}},"103":{"start":{"line":215,"column":52},"end":{"line":215,"column":68}},"104":{"start":{"line":216,"column":6},"end":{"line":216,"column":29}},"105":{"start":{"line":221,"column":0},"end":{"line":256,"column":1}},"106":{"start":{"line":222,"column":2},"end":{"line":222,"column":18}},"107":{"start":{"line":223,"column":2},"end":{"line":244,"column":5}},"108":{"start":{"line":224,"column":4},"end":{"line":243,"column":11}},"109":{"start":{"line":225,"column":6},"end":{"line":225,"column":40}},"110":{"start":{"line":226,"column":6},"end":{"line":238,"column":7}},"111":{"start":{"line":227,"column":8},"end":{"line":237,"column":9}},"112":{"start":{"line":228,"column":10},"end":{"line":228,"column":46}},"113":{"start":{"line":229,"column":15},"end":{"line":237,"column":9}},"114":{"start":{"line":230,"column":10},"end":{"line":230,"column":54}},"115":{"start":{"line":231,"column":15},"end":{"line":237,"column":9}},"116":{"start":{"line":232,"column":10},"end":{"line":232,"column":45}},"117":{"start":{"line":233,"column":15},"end":{"line":237,"column":9}},"118":{"start":{"line":234,"column":10},"end":{"line":234,"column":54}},"119":{"start":{"line":236,"column":10},"end":{"line":236,"column":22}},"120":{"start":{"line":240,"column":6},"end":{"line":240,"column":57}},"121":{"start":{"line":242,"column":6},"end":{"line":242,"column":20}},"122":{"start":{"line":246,"column":2},"end":{"line":253,"column":3}},"123":{"start":{"line":247,"column":4},"end":{"line":247,"column":82}},"124":{"start":{"line":248,"column":4},"end":{"line":252,"column":5}},"125":{"start":{"line":249,"column":6},"end":{"line":251,"column":9}},"126":{"start":{"line":250,"column":8},"end":{"line":250,"column":46}},"127":{"start":{"line":255,"column":2},"end":{"line":255,"column":22}},"128":{"start":{"line":261,"column":0},"end":{"line":277,"column":2}},"129":{"start":{"line":262,"column":2},"end":{"line":267,"column":3}},"130":{"start":{"line":263,"column":4},"end":{"line":265,"column":5}},"131":{"start":{"line":264,"column":6},"end":{"line":264,"column":24}},"132":{"start":{"line":266,"column":4},"end":{"line":266,"column":16}},"133":{"start":{"line":269,"column":2},"end":{"line":269,"column":18}},"134":{"start":{"line":270,"column":2},"end":{"line":276,"column":5}},"135":{"start":{"line":271,"column":4},"end":{"line":273,"column":5}},"136":{"start":{"line":272,"column":6},"end":{"line":272,"column":27}},"137":{"start":{"line":275,"column":4},"end":{"line":275,"column":51}},"138":{"start":{"line":279,"column":0},"end":{"line":279,"column":22}},"139":{"start":{"line":280,"column":0},"end":{"line":280,"column":57}},"140":{"start":{"line":280,"column":34},"end":{"line":280,"column":56}},"141":{"start":{"line":281,"column":0},"end":{"line":294,"column":1}},"142":{"start":{"line":282,"column":2},"end":{"line":289,"column":3}},"143":{"start":{"line":283,"column":4},"end":{"line":283,"column":48}},"144":{"start":{"line":284,"column":4},"end":{"line":286,"column":18}},"145":{"start":{"line":285,"column":6},"end":{"line":285,"column":23}},"146":{"start":{"line":288,"column":4},"end":{"line":288,"column":44}},"147":{"start":{"line":291,"column":2},"end":{"line":291,"column":15}},"148":{"start":{"line":292,"column":2},"end":{"line":292,"column":27}},"149":{"start":{"line":293,"column":2},"end":{"line":293,"column":21}},"150":{"start":{"line":295,"column":0},"end":{"line":298,"column":3}},"151":{"start":{"line":297,"column":22},"end":{"line":297,"column":37}},"152":{"start":{"line":299,"column":0},"end":{"line":302,"column":3}},"153":{"start":{"line":301,"column":22},"end":{"line":301,"column":37}},"154":{"start":{"line":304,"column":0},"end":{"line":440,"column":1}},"155":{"start":{"line":305,"column":2},"end":{"line":305,"column":18}},"156":{"start":{"line":306,"column":2},"end":{"line":306,"column":42}},"157":{"start":{"line":308,"column":2},"end":{"line":310,"column":3}},"158":{"start":{"line":309,"column":4},"end":{"line":309,"column":59}},"159":{"start":{"line":312,"column":2},"end":{"line":314,"column":3}},"160":{"start":{"line":313,"column":4},"end":{"line":313,"column":49}},"161":{"start":{"line":316,"column":2},"end":{"line":321,"column":3}},"162":{"start":{"line":317,"column":4},"end":{"line":320,"column":7}},"163":{"start":{"line":318,"column":6},"end":{"line":318,"column":61}},"164":{"start":{"line":318,"column":30},"end":{"line":318,"column":61}},"165":{"start":{"line":319,"column":6},"end":{"line":319,"column":49}},"166":{"start":{"line":323,"column":2},"end":{"line":345,"column":3}},"167":{"start":{"line":324,"column":4},"end":{"line":324,"column":31}},"168":{"start":{"line":327,"column":4},"end":{"line":343,"column":7}},"169":{"start":{"line":328,"column":6},"end":{"line":328,"column":33}},"170":{"start":{"line":328,"column":26},"end":{"line":328,"column":33}},"171":{"start":{"line":330,"column":6},"end":{"line":330,"column":41}},"172":{"start":{"line":332,"column":6},"end":{"line":342,"column":7}},"173":{"start":{"line":333,"column":8},"end":{"line":333,"column":49}},"174":{"start":{"line":335,"column":8},"end":{"line":337,"column":9}},"175":{"start":{"line":336,"column":10},"end":{"line":336,"column":66}},"176":{"start":{"line":338,"column":13},"end":{"line":342,"column":7}},"177":{"start":{"line":339,"column":8},"end":{"line":339,"column":50}},"178":{"start":{"line":341,"column":8},"end":{"line":341,"column":35}},"179":{"start":{"line":344,"column":4},"end":{"line":344,"column":19}},"180":{"start":{"line":347,"column":2},"end":{"line":385,"column":3}},"181":{"start":{"line":348,"column":4},"end":{"line":353,"column":7}},"182":{"start":{"line":349,"column":6},"end":{"line":349,"column":47}},"183":{"start":{"line":349,"column":30},"end":{"line":349,"column":47}},"184":{"start":{"line":350,"column":6},"end":{"line":350,"column":32}},"185":{"start":{"line":351,"column":6},"end":{"line":351,"column":38}},"186":{"start":{"line":352,"column":6},"end":{"line":352,"column":30}},"187":{"start":{"line":352,"column":14},"end":{"line":352,"column":30}},"188":{"start":{"line":354,"column":4},"end":{"line":384,"column":6}},"189":{"start":{"line":355,"column":6},"end":{"line":355,"column":43}},"190":{"start":{"line":357,"column":6},"end":{"line":357,"column":43}},"191":{"start":{"line":359,"column":6},"end":{"line":363,"column":7}},"192":{"start":{"line":360,"column":8},"end":{"line":360,"column":40}},"193":{"start":{"line":362,"column":8},"end":{"line":362,"column":34}},"194":{"start":{"line":365,"column":6},"end":{"line":365,"column":38}},"195":{"start":{"line":368,"column":6},"end":{"line":368,"column":32}},"196":{"start":{"line":370,"column":6},"end":{"line":370,"column":68}},"197":{"start":{"line":371,"column":6},"end":{"line":371,"column":39}},"198":{"start":{"line":373,"column":6},"end":{"line":374,"column":61}},"199":{"start":{"line":376,"column":6},"end":{"line":381,"column":7}},"200":{"start":{"line":377,"column":8},"end":{"line":377,"column":56}},"201":{"start":{"line":378,"column":8},"end":{"line":378,"column":58}},"202":{"start":{"line":379,"column":13},"end":{"line":381,"column":7}},"203":{"start":{"line":380,"column":8},"end":{"line":380,"column":61}},"204":{"start":{"line":383,"column":6},"end":{"line":383,"column":25}},"205":{"start":{"line":387,"column":2},"end":{"line":387,"column":48}},"206":{"start":{"line":388,"column":2},"end":{"line":388,"column":45}},"207":{"start":{"line":389,"column":2},"end":{"line":389,"column":43}},"208":{"start":{"line":390,"column":2},"end":{"line":390,"column":25}},"209":{"start":{"line":391,"column":2},"end":{"line":391,"column":23}},"210":{"start":{"line":392,"column":2},"end":{"line":392,"column":23}},"211":{"start":{"line":393,"column":2},"end":{"line":393,"column":22}},"212":{"start":{"line":394,"column":2},"end":{"line":394,"column":20}},"213":{"start":{"line":395,"column":2},"end":{"line":395,"column":27}},"214":{"start":{"line":396,"column":2},"end":{"line":396,"column":32}},"215":{"start":{"line":397,"column":2},"end":{"line":397,"column":28}},"216":{"start":{"line":399,"column":2},"end":{"line":406,"column":4}},"217":{"start":{"line":400,"column":4},"end":{"line":400,"column":42}},"218":{"start":{"line":401,"column":4},"end":{"line":401,"column":47}},"219":{"start":{"line":401,"column":25},"end":{"line":401,"column":47}},"220":{"start":{"line":403,"column":4},"end":{"line":403,"column":36}},"221":{"start":{"line":404,"column":4},"end":{"line":404,"column":53}},"222":{"start":{"line":405,"column":4},"end":{"line":405,"column":48}},"223":{"start":{"line":408,"column":2},"end":{"line":412,"column":3}},"224":{"start":{"line":409,"column":4},"end":{"line":411,"column":7}},"225":{"start":{"line":410,"column":6},"end":{"line":410,"column":22}},"226":{"start":{"line":414,"column":2},"end":{"line":439,"column":4}},"227":{"start":{"line":415,"column":4},"end":{"line":415,"column":54}},"228":{"start":{"line":415,"column":18},"end":{"line":415,"column":54}},"229":{"start":{"line":416,"column":4},"end":{"line":416,"column":54}},"230":{"start":{"line":416,"column":20},"end":{"line":416,"column":54}},"231":{"start":{"line":417,"column":4},"end":{"line":417,"column":70}},"232":{"start":{"line":418,"column":4},"end":{"line":438,"column":7}},"233":{"start":{"line":419,"column":6},"end":{"line":427,"column":7}},"234":{"start":{"line":420,"column":8},"end":{"line":423,"column":9}},"235":{"start":{"line":421,"column":10},"end":{"line":421,"column":42}},"236":{"start":{"line":422,"column":10},"end":{"line":422,"column":26}},"237":{"start":{"line":422,"column":18},"end":{"line":422,"column":26}},"238":{"start":{"line":424,"column":8},"end":{"line":426,"column":11}},"239":{"start":{"line":425,"column":10},"end":{"line":425,"column":24}},"240":{"start":{"line":429,"column":6},"end":{"line":431,"column":9}},"241":{"start":{"line":430,"column":8},"end":{"line":430,"column":74}},"242":{"start":{"line":433,"column":6},"end":{"line":433,"column":56}},"243":{"start":{"line":433,"column":22},"end":{"line":433,"column":56}},"244":{"start":{"line":435,"column":6},"end":{"line":437,"column":9}},"245":{"start":{"line":436,"column":8},"end":{"line":436,"column":37}},"246":{"start":{"line":442,"column":0},"end":{"line":442,"column":33}},"247":{"start":{"line":444,"column":0},"end":{"line":450,"column":2}},"248":{"start":{"line":445,"column":2},"end":{"line":445,"column":54}},"249":{"start":{"line":445,"column":25},"end":{"line":445,"column":54}},"250":{"start":{"line":447,"column":2},"end":{"line":447,"column":42}},"251":{"start":{"line":448,"column":2},"end":{"line":448,"column":26}},"252":{"start":{"line":449,"column":2},"end":{"line":449,"column":31}},"253":{"start":{"line":452,"column":0},"end":{"line":458,"column":2}},"254":{"start":{"line":453,"column":2},"end":{"line":456,"column":3}},"255":{"start":{"line":454,"column":4},"end":{"line":454,"column":28}},"256":{"start":{"line":455,"column":4},"end":{"line":455,"column":37}},"257":{"start":{"line":457,"column":2},"end":{"line":457,"column":29}}},"branchMap":{"1":{"line":12,"type":"if","locations":[{"start":{"line":12,"column":4},"end":{"line":12,"column":4}},{"start":{"line":12,"column":4},"end":{"line":12,"column":4}}]},"2":{"line":13,"type":"if","locations":[{"start":{"line":13,"column":9},"end":{"line":13,"column":9}},{"start":{"line":13,"column":9},"end":{"line":13,"column":9}}]},"3":{"line":20,"type":"binary-expr","locations":[{"start":{"line":20,"column":21},"end":{"line":20,"column":42}},{"start":{"line":20,"column":46},"end":{"line":20,"column":116}}]},"4":{"line":23,"type":"if","locations":[{"start":{"line":23,"column":2},"end":{"line":23,"column":2}},{"start":{"line":23,"column":2},"end":{"line":23,"column":2}}]},"5":{"line":51,"type":"cond-expr","locations":[{"start":{"line":51,"column":24},"end":{"line":51,"column":28}},{"start":{"line":51,"column":31},"end":{"line":51,"column":43}}]},"6":{"line":57,"type":"if","locations":[{"start":{"line":57,"column":2},"end":{"line":57,"column":2}},{"start":{"line":57,"column":2},"end":{"line":57,"column":2}}]},"7":{"line":58,"type":"if","locations":[{"start":{"line":58,"column":4},"end":{"line":58,"column":4}},{"start":{"line":58,"column":4},"end":{"line":58,"column":4}}]},"8":{"line":73,"type":"if","locations":[{"start":{"line":73,"column":2},"end":{"line":73,"column":2}},{"start":{"line":73,"column":2},"end":{"line":73,"column":2}}]},"9":{"line":74,"type":"cond-expr","locations":[{"start":{"line":74,"column":34},"end":{"line":74,"column":54}},{"start":{"line":74,"column":57},"end":{"line":74,"column":66}}]},"10":{"line":75,"type":"if","locations":[{"start":{"line":75,"column":9},"end":{"line":75,"column":9}},{"start":{"line":75,"column":9},"end":{"line":75,"column":9}}]},"11":{"line":78,"type":"cond-expr","locations":[{"start":{"line":78,"column":34},"end":{"line":78,"column":54}},{"start":{"line":78,"column":57},"end":{"line":78,"column":60}}]},"12":{"line":81,"type":"if","locations":[{"start":{"line":81,"column":2},"end":{"line":81,"column":2}},{"start":{"line":81,"column":2},"end":{"line":81,"column":2}}]},"13":{"line":86,"type":"binary-expr","locations":[{"start":{"line":86,"column":9},"end":{"line":86,"column":33}},{"start":{"line":86,"column":37},"end":{"line":86,"column":56}}]},"14":{"line":94,"type":"if","locations":[{"start":{"line":94,"column":2},"end":{"line":94,"column":2}},{"start":{"line":94,"column":2},"end":{"line":94,"column":2}}]},"15":{"line":113,"type":"if","locations":[{"start":{"line":113,"column":2},"end":{"line":113,"column":2}},{"start":{"line":113,"column":2},"end":{"line":113,"column":2}}]},"16":{"line":113,"type":"binary-expr","locations":[{"start":{"line":113,"column":6},"end":{"line":113,"column":11}},{"start":{"line":113,"column":15},"end":{"line":113,"column":39}}]},"17":{"line":118,"type":"binary-expr","locations":[{"start":{"line":118,"column":9},"end":{"line":118,"column":39}},{"start":{"line":119,"column":9},"
[...]
  callback = label;","      if (typeof any == 'string') {","        label = any;","        any = false;","      } else {","        label = null;","      }","    } ","    ","    if (Array.isArray(predicate)) {","      var txn = this._safeBatch();","      var finder = naan.ecurry(txn.node.find, [any, label], [1, 2]);","      async.map(predicate, finder, callback);","      return this._safeBatchCommit(txn);","    } ","","    if (typeof predicate !== 'object') callback(new Error('Invalid Predicate'));","","    var matchers = Object.keys(predicate).reduce(function(matchers, key) {","      return matchers.push(util.format(\"n.%s = {%s}\", key, key)), matchers;","    }, []);","","    var cypher = [ ","      label == null ? \"MATCH (n)\" : util.format(\"MATCH (n:`%s`)\", label),","      matchers.length > 0 ? \"WHERE\" : \"\",","      matchers.join(any ? \" or \" : \" and \"), ","      \"RETURN n\"","    ].join(\" \");","","    this.query(cypher, predicate, callback);","  },","","  label: function(node, label, replace, callback) {","    if (typeof replace == 'function') {","      callback = replace;","      replace = false;","    }","","    if (Array.isArray(node)) {","      var txn = this._safeBatch();","      async.map(node, naan.ecurry(txn.label, [label, replace], [1,2]), callback);","      return this._safeBatchCommit(txn);","    }","    ","    var id = this._getId(node);","    if (!this._isValidId(id)) return callback(new Error(\"Invalid ID\"));","","    var endpoint = util.format('%s/labels', this._nodeRoot(id));","    var op = this.operation(endpoint, replace ? 'PUT' : 'POST', label);","    this.call(op, function(err) {","      if (err) callback(err);","      else callback();","    });","  },","","  removeLabel: function(node, label, callback) {","    if (Array.isArray(node)) {","      var txn = this._safeBatch();","      async.map(node, naan.ncurry(txn.removeLabel, label, 1), callback);","      return this._safeBatchCommit(txn);","    }","","    var id = this._getId(node);","    if (!this._isValidId(id)) return callback(new Error(\"Invalid ID\"));","","    var endpoint = util.format('%s/labels/%s', this._nodeRoot(id), label);","    var op = this.operation(endpoint, 'DELETE');","    this.call(op, function(err) {","      if (err) callback(err);","      else callback();","    });","  },","","  nodesWithLabel: function(label, callback) {","    var endpoint = util.format('label/%s/nodes', label);","    var op = this.operation(endpoint, 'GET');","    this.call(op, function(err, nodes) {","      if (err || !nodes) return callback(err, nodes);","      nodes = nodes.map(this._createNodeObject);","      callback(null, nodes);","    });","  },","","  readLabels: function(node, callback) {","    if (typeof node == 'function') {","      callback = node;","      node = undefined;","    }","","    if (Array.isArray(node)) {","      var txn = this._safeBatch();","      async.map(node, txn.readLabels, function(err, allLabels) {","        if (err) return callback(err);","        callback(null, _.uniq(_.flatten(allLabels)));","      });","      return this._safeBatchCommit(txn);","    }","","    var endpoint;","    if (node) {","      var id = this._getId(node);","      if (!this._isValidId(id)) return callback(new Error(\"Invalid ID\"));","      endpoint = util.format('%s/labels', this._nodeRoot(id));","    } else {","      endpoint = 'labels';","    }","    var op = this.operation(endpoint, 'GET');","    this.call(op, function(err, labels) {","      if (err) callback(err);","      else callback(null, labels);","    });","  }","}",""],"l":{"1":1,"2":1,"3":1,"4":1,"6":1,"13":0,"14":0,"15":0,"16":0,"17":0,"18":0,"21":0,"22":0,"24":0,"25":0,"26":0,"29":0,"30":0,"31":0,"32":0,"33":0,"34":0,"35":0,"39":0,"40":0,"41":0,"42":0,"43":0,"46":0,"48":0,"49":0,"50":0,"53":0,"55":0,"56":0,"64":0,"65":0,"66":0,"67":0,"70":0,"71":0,"73":0,"81":0,"82":0,"83":0,"86":0,"87":0,"88":0,"91":0,"92":0,"93":0,"94":0,"95":0,"97":0,"103":0,"104":0,"105":0,"108":0,"109":0,"110":0,"111":0,"113":0,"114":0,"115":0,"124":0,"125":0,"126":0,"129":0,"130":0,"131":0,"132":0,"135":0,"136":0,"137":0,"140":0,"141":0,"142":0,"144":0,"145":0,"146":0,"147":0,"148":0,"150":0,"151":0,"161":0,"162":0,"163":0,"164":0,"165":0,"166":0,"167":0,"170":0,"171":0,"172":0,"173":0,"176":0,"177":0,"178":0,"179":0,"182":0,"183":0,"184":0,"186":0,"187":0,"188":0,"189":0,"191":0,"192":0,"196":0,"200":0,"208":0,"220":0,"221":0,"222":0,"223":0,"225":0,"226":0,"227":0,"230":0,"231":0,"232":0,"233":0,"236":0,"237":0,"238":0,"242":0,"243":0,"244":0,"245":0,"246":0,"247":0,"250":0,"252":0,"253":0,"256":0,"257":0,"258":0,"259":0,"261":0,"262":0,"263":0,"264":0,"265":0,"267":0,"268":0,"270":0,"280":0,"281":0,"282":0,"283":0,"284":0,"285":0,"286":0,"287":0,"288":0,"290":0,"294":0,"295":0,"296":0,"297":0,"298":0,"301":0,"303":0,"304":0,"307":0,"314":0,"318":0,"319":0,"320":0,"323":0,"324":0,"325":0,"326":0,"329":0,"330":0,"332":0,"333":0,"334":0,"335":0,"336":0,"341":0,"342":0,"343":0,"344":0,"347":0,"348":0,"350":0,"351":0,"352":0,"353":0,"354":0,"359":0,"360":0,"361":0,"362":0,"363":0,"364":0,"369":0,"370":0,"371":0,"374":0,"375":0,"376":0,"377":0,"378":0,"380":0,"383":0,"384":0,"385":0,"386":0,"387":0,"389":0,"391":0,"392":0,"393":0,"394":0}},"/home/travis/build/npmtest/node-npmtest-seraph/node_modules/seraph/lib/relationship.js":{"path":"/home/travis/build/npmtest/node-npmtest-seraph/node_modules/seraph/lib/relationship.js","s":{"1":1,"2":1,"3":1,"4":1,"5":1,"6":0,"7":0,"8":0,"9":0,"10":0,"11":0,"12":0,"13":0,"14":0,"15":0,"16":0,"17":0,"18":0,"19":0,"20":0,"21":0,"22":0,"23":0,"24":0,"25":0,"26":0,"27":0,"28":0,"29":0,"30":0,"31":0,"32":0,"33":0,"34":0,"35":0,"36":0,"37":0,"38":0,"39":0,"40":0,"41":0,"42":0,"43":0,"44":0,"45":0,"46":0,"47":0,"48":0,"49":0,"50":0,"51":0,"52":0,"53":0,"54":0,"55":0,"56":0,"57":0,"58":0,"59":0,"60":0,"61":0,"62":0,"63":0,"64":0,"65":0,"66":0,"67":0,"68":0,"69":0,"70":0,"71":0,"72":0,"73":0,"74":0},"b":{"1":[0,0],"2":[0,0],"3":[0,0],"4":[0,0],"5":[0,0],"6":[0,0],"7":[0,0],"8":[0,0],"9":[0,0],"10":[0,0],"11":[0,0],"12":[0,0],"13":[0,0],"14":[0,0],"15":[0,0],"16":[0,0],"17":[0,0],"18":[0,0],"19":[0,0]},"f":{"1":0,"2":0,"3":0,"4":0,"5":0,"6":0,"7":0,"8":0,"9":0},"fnMap":{"1":{"name":"(anonymous_1)","line":11,"loc":{"start":{"line":11,"column":10},"end":{"line":11,"column":67}}},"2":{"name":"(anonymous_2)","line":21,"loc":{"start":{"line":21,"column":10},"end":{"line":21,"column":30}}},"3":{"name":"(anonymous_3)","line":53,"loc":{"start":{"line":53,"column":18},"end":{"line":53,"column":37}}},"4":{"name":"(anonymous_4)","line":66,"loc":{"start":{"line":66,"column":10},"end":{"line":66,"column":44}}},"5":{"name":"(anonymous_5)","line":89,"loc":{"start":{"line":89,"column":18},"end":{"line":89,"column":32}}},"6":{"name":"(anonymous_6)","line":94,"loc":{"start":{"line":94,"column":8},"end":{"line":94,"column":31}}},"7":{"name":"(anonymous_7)","line":109,"loc":{"start":{"line":109,"column":18},"end":{"line":109,"column":37}}},"8":{"name":"(anonymous_8)","line":118,"loc":{"start":{"line":118,"column":10},"end":{"line":118,"column":33}}},"9":{"name":"(anonymous_9)","line":133,"loc":{"start":{"line":133,"column":18},"end":{"line":133,"column":37}}}},"statementMap":{"1":{"start":{"line":1,"column":0},"end":{"line":1,"column":29}},"2":{"start":{"line":2,"column":0},"end":{"line":2,"column":27}},"3":{"start":{"line":3,"column":0},"end":{"line":3,"column":30}},"4":{"start":{"line":4,"column":0},"end":{"line":4,"column":27}},"5":{"start":{"line":6,"column":0},"end":{"line":137,"column":2}},"6":{"start":{"line":12,"column":4},"end":{"line":15,"column":5}},"7":{"start":{"line":13,"column":6},"end":{"line":13,"column":28}},"8":{"start":{"line":14,"column":6},"end":{"line":14,"column":24}},"9":{"start":{"line":17,"column":4},"end":{"line":32,"column":5}},"10":{"start":{"line":18,"column":6},"end":{"line":18,"column":34}},"11":{"start":{"line":19,"column":6},"end":{"line":19,"column":47}},"12":{"start":{"line":20,"column":6},"end":{"line":25,"column":13}},"13":{"start":{"line":22,"column":12},"end":{"line":23,"column":52}},"14":{"start":{"line":23,"column":14},"end":{"line":23,"column":52}},"15":{"start":{"line":24,"column":12},"end":{"line":24,"column":32}},"16":{"start":{"line":26,"column":6},"end":{"line":26,"column":40}},"17":{"start":{"line":27,"column":11},"end":{"line":32,"column":5}},"18":{"start":{"line":28,"column":6},"end":{"line":28,"column":34}},"19":{"start":{"line":29,"column":6},"end":{"line":29,"column":49}},"20":{"start":{"line":30,"column":6},"end":{"line":30,"column":79}},"21":{"start":{"line":31,"column":6},"end":{"line":31,"column":40}},"22":{"start":{"line":34,"column":4},"end":{"line":35,"column":41}},"23":{"start":{"line":37,"column":4},"end":{"line":40,"column":5}},"24":{"start":{"line":39,"column":6},"end":{"line":39,"column":47}},"25":{"start":{"line":42,"column":4},"end":{"line":45,"column":6}},"26":{"start":{"line":47,"column":4},"end":{"line":49,"column":5}},"27":{"start":{"line":48,"column":6},"end":{"line":48,"column":35}},"28":{"start":{"line":51,"column":4},"end":{"line":51,"column":80}},"29":{"start":{"line":52,"column":4},"end":{"line":52,"column":55}},"30":{"start":{"line":53,"column":4},"end":{"line":59,"column":7}},"31":{"start":{"line":54,"column":6},"end":{"line":58,"column":7}},"32":{"start":{"line":55,"column":8},"end":{"line":55,"column":22}},"33":{"start":{"line":57,"column":8},"end":{"line":57,"column":60}},"34":{"start":{"line":67,"column":4},"end":{"line":70,"column":5}},"35":{"start":{"line":68,"column":6},"end":{"line":68,"column":21}},"36":{"start":{"line":69,"column":6},"end":{"line":69,"column":28}},"37":{"start":{"line":72,"column":4},"end":{"line":77,"column":5}},"38":{"start":{"line":73,"column":6},"end":{"line":73,"column":34}},"39":{"start":{"line":74,"column":6},"end":{"line":74,"column":28}},"40":{"start":{"line":75,"column":6},"end":{"line":75,"column":74}},"41":{"start":{"line":76,"column":6},"end":{"line":76,"column":40}},"42":{"start":{"line":79,"column":4},"end":{"line":79,"column":30}},"43":{"start":{"line":81,"column":4},"end":{"line":83,"column":5}},"44":{"start":{"line":82,"column":6},"end":{"line":82,"column":47}},"45":{"start":{"line":85,"column":4},"end":{"line":85,"column":67}},"46":{"start":{"line":86,"column":4},"end":{"line":86,"column":35}},"47":{"start":{"line":86,"column":13},"end":{"line":86,"column":35}},"48":{"start":{"line":88,"column":4},"end":{"line":88,"column":73}},"49":{"start":{"line":89,"column":4},"end":{"line":91,"column":7}},"50":{"start":{"line":90,"column":6},"end":{"line":90,"column":20}},"51":{"start":{"line":95,"column":4},"end":{"line":99,"column":5}},"52":{"start":{"line":96,"column":6},"end":{"line":96,"column":34}},"53":{"start":{"line":97,"column":6},"end":{"line":97,"column":44}},"54":{"start":{"line":98,"column":6},"end":{"line":98,"column":40}},"55":{"start":{"line":101,"column":4},"end":{"line":101,"column":25}},"56":{"start":{"line":103,"column":4},"end":{"line":105,"column":5}},"57":{"start":{"line":104,"column":6},"end":{"line":104,"column":47}},"58":{"start":{"line":107,"column":4},"end":{"line":107,"column":37}},"59":{"start":{"line":108,"column":4},"end":{"line":108,"column":38}},"60":{"start":{"line":109,"column":4},"end":{"line":115,"column":7}},"61":{"start":{"line":110,"column":6},"end":{"line":114,"column":7}},"62":{"start":{"line":111,"column":8},"end":{"line":111,"column":22}},"63":{"start":{"line":113,"column":8},"end":{"line":113,"column":60}},"64":{"start":{"line":119,"column":4},"end":{"line":123,"column":5}},"65":{"start":{"line":120,"column":6},"end":{"line":120,"column":34}},"66":{"start":{"line":121,"column":6},"end":{"line":121,"column":46}},"67":{"start":{"line":122,"column":6},"end":{"line":122,"column":40}},"68":{"start":{"line":125,"column":4},"end":{"line":125,"column":25}},"69":{"start":{"line":127,"column":4},"end":{"line":129,"column":5}},"70":{"start":{"line":128,"column":6},"end":{"line":128,"column":47}},"71":{"start":{"line":131,"column":4},"end":{"line":131,"column":37}},"72":{"start":{"line":132,"column":4},"end":{"line":132,"column":48}},"73":{"start":{"line":133,"column":4},"end":{"line":135,"column":7}},"74":{"start":{"line":134,"column":6},"end":{"line":134,"column":20}}},"branchMap":{"1":{"line":12,"type":"if","locations":[{"start":{"line":12,"column":4},"end":{"line":12,"column":4}},{"start":{"line":12,"column":4},"end":{"line":12,"column":4}}]},"2":{"line":17,"type":"if","locations":[{"start":{"line":17,"column":4},"end":{"line":17,"column":4}},{"start":{"line":17,"column":4},"end":{"line":17,"column":4}}]},"3":{"line":22,"type":"if","locations":[{"start":{"line":22,"column":12},"end":{"line":22,"column":12}},{"start":{"line":22,"column":12},"end":{"line":22,"column":12}}]},"4":{"line":22,"type":"binary-expr","locations":[{"start":{"line":22,"column":16},"end":{"line":22,"column":20}},{"start":{"line":22,"column":24},"end":{"line":22,"column":46}}]},"5":{"line":27,"type":"if","locations":[{"start":{"line":27,"column":11},"end":{"line":27,"column":11}},{"start":{"line":27,"column":11},"end":{"line":27,"column":11}}]},"6":{"line":37,"type":"if","locations":[{"start":{"line":37,"column":4},"end":{"line":37,"column":4}},{"start":{"line":37,"column":4},"end":{"line":37,"column":4}}]},"7":{"line":37,"type":"binary-expr","locations":[{"start":{"line":37,"column":8},"end":{"line":37,"column":37}},{"start":{"line":38,"column":8},"end":{"line":38,"column":35}}]},"8":{"line":47,"type":"if","locations":[{"start":{"line":47,"column":4},"end":{"line":47,"column":4}},{"start":{"line":47,"column":4},"end":{"line":47,"column":4}}]},"9":{"line":54,"type":"if","locations":[{"start":{"line":54,"column":6},"end":{"line":54,"column":6}},{"start":{"line":54,"column":6},"end":{"line":54,"column":6}}]},"10":{"line":67,"type":"if","locations":[{"start":{"line":67,"column":4},"end":{"line":67,"column":4}},{"start":{"line":67,"column":4},"end":{"line":67,"column":4}}]},"11":{"line":72,"type":"if","locations":[{"start":{"line":72,"column":4},"end":{"line":72,"column":4}},{"start":{"line":72,"column":4},"end":{"line":72,"column":4}}]},"12":{"line":81,"type":"if","locations":[{"start":{"line":81,"column":4},"end":{"line":81,"column":4}},{"start":{"line":81,"column":4},"end":{"line":81,"column":4}}]},"13":{"line":86,"type":"if","locations":[{"start":{"line":86,"column":4},"end":{"line":86,"column":4}},{"start":{"line":86,"column":4},"end":{"line":86,"column":4}}]},"14":{"line":88,"type":"cond-expr","locations":[{"start":{"line":88,"column":51},"end":{"line":88,"column":54}},{"start":{"line":88,"column":57},"end":{"line":88,"column":71}}]},"15":{"line":95,"type":"if","locations":[{"start":{"line":95,"column":4},"end":{"line":95,"column":4}},{"start":{"line":95,"column":4},"end":{"line":95,"column":4}}]},"16":{"line":103,"type":"if","locations":[{"start":{"line":103,"column":4},"end":{"line":103,"column":4}},{"start":{"line":103,"column":4},"end":{"line":103,"column":4}}]},"17":{"line":110,"type":"if","locations":[{"start":{"line":110,"column":6},"end":{"line":110,"column":6}},{"start":{"line":110,"column":6},"end":{"line":110,"column":6}}]},"18":{"line":119,"type":"if","locations":[{"start":{"line":119,"column":4},"end":{"line":119,"column":4}},{"start":{"line":119,"column":4},"end":{"line":119,"column":4}}]},"19":{"line":127,"type":"if","locations":[{"start":{"line":127,"column":4},"end":{"line":127,"column":4}},{"start":{"line":127,"column":4},"end":{"line":127,"column":4}}]}},"code":["var async = require('async');","var naan = require('naan');","var _ = require('underscore');","var util = require('util');","","module.exports = {","  /**","   * Create a new relationship between two nodes. Maps to ","   * POST node/<startNodeId>/relationship","   */","  create: function(startNode, type, endNode, properties, callback) {","    if (typeof properties === 'function') {","      callback = properties;","      properties = null;","    }","","    if (Array.isArray(startNode)) {","      var txn = this._safeBatch();","      var args = [ type, endNode, properties ];","      async.map(startNode, naan.ecurry(txn.rel.create, args, [1,2,3]), ","          function(err, rels) {","            if (!err && Array.isArray(endNode))","              return callback(err, _.flatten(rels));","            callback(err, rels);","          });","      return this._safeBatchCommit(txn);","    } else if (Array.isArray(endNode)) {","      var txn = this._safeBatch();","      var args = [ startNode, type, properties ];","      async.map(endNode, naan.ecurry(txn.rel.create, args, [0,1,3]), callback);","      return this._safeBatchCommit(txn);","    }","    ","    var startNodeId = this._getId(startNode),","        endNodeId = this._getId(endNode);","","    if (!this._isValidId(startNodeId) ||","        !this._isValidId(endNodeId)) {","      return callback(new Error(\"Invalid ID\"));","    }","","    var request = {","      to: this._location('node', endNodeId),","      type: type,","    };","","    if (properties) {","      request['data'] = properties;","    }","","    var endpoint = util.format('%s/relationships', this._nodeRoot(startNodeId));","    var op = this.operation(endpoint, 'POST', request);","    this.call(op, function(err, rel) {","      if (err) {","        callback(err);","      } else {","        callback(null, this._createRelationshipObject(rel));","      }","    });","  },","","  /**","   * Update the properties of a given relationship. Maps to","   * PUT relationship/<id>/properties","   */","  update: function(rel, key, val, callback) {","    if (typeof key == 'function') {","      callback = key;","      key = val = undefined;","    }","","    if (Array.isArray(rel)) {","      var txn = this._safeBatch();","      var args = [key, val];","      async.map(rel, naan.ecurry(txn.rel.update, args, [1, 2]), callback);","      return this._safeBatchCommit(txn);","    }","","    var id = this._getId(rel);","","    if (!this._isValidId(id)) {","      return callback(new Error(\"Invalid ID\"));","    }","","    var endpoint = util.format('%s/properties', this._relRoot(id));","    if (key) endpoint += '/' + key;","","    var op = this.operation(endpoint, 'PUT', key ? val : rel.properties);","    this.call(op, function(err) {","      callback(err);","    });","  }, ","","  read: function(id, callback) {","    if (Array.isArray(id)) {","      var txn = this._safeBatch();","      async.map(id, txn.rel.read, callback);","      return this._safeBatchCommit(txn);","    }","","    id = this._getId(id);","","    if (!this._isValidId(id)) {","      return callback(new Error(\"Invalid ID\"));","    }","","    var endpoint = this._relRoot(id);","    var op = this.operation(endpoint);","    this.call(op, function(err, rel) {","      if (err) {","        callback(err);","      } else {","        callback(null, this._createRelationshipObject(rel));","      }","    });","  },","","  delete: function(id, callback) {","    if (Array.isArray(id)) {","      var txn = this._safeBatch();","      async.map(id, txn.rel.delete, callback);","      return this._safeBatchCommit(txn);","    }","","    id = this._getId(id);","","    if (!this._isValidId(id)) {","      return callback(new Error(\"Invalid ID\"));","    }","","    var endpoint = this._relRoot(id);","    var op = this.operation(endpoint, 'DELETE');","    this.call(op, function(err, rel) {","      callback(err);","    });","  }","};",""],"l":{"1":1,"2":1,"3":1,"4":1,"6":1,"12":0,"13":0,"14":0,"17":0,"18":0,"19":0,"20":0,"22":0,"23":0,"24":0,"26":0,"27":0,"28":0,"29":0,"30":0,"31":0,"34":0,"37":0,"39":0,"42":0,"47":0,"48":0,"51":0,"52":0,"53":0,"54":0,"55":0,"57":0,"67":0,"68":0,"69":0,"72":0,"73":0,"74":0,"75":0,"76":0,"79":0,"81":0,"82":0,"85":0,"86":0,"88":0,"89":0,"90":0,"95":0,"96":0,"97":0,"98":0,"101":0,"103":0,"104":0,"107":0,"108":0,"109":0,"110":0,"111":0,"113":0,"119":0,"120":0,"121":0,"122":0,"125":0,"127":0,"128":0,"131":0,"132":0,"133":0,"134":0}}}